#
# There is insufficient memory for the Java Runtime Environment to continue.
# Native memory allocation (malloc) failed to allocate 177696 bytes for Chunk::new
# Possible reasons:
#   The system is out of physical RAM or swap space
#   The process is running with CompressedOops enabled, and the Java Heap may be blocking the growth of the native heap
# Possible solutions:
#   Reduce memory load on the system
#   Increase physical memory or swap space
#   Check if swap backing store is full
#   Decrease Java heap size (-Xmx/-Xms)
#   Decrease number of Java threads
#   Decrease Java thread stack sizes (-Xss)
#   Set larger code cache with -XX:ReservedCodeCacheSize=
#   JVM is running with Unscaled Compressed Oops mode in which the Java heap is
#     placed in the first 4GB address space. The Java Heap base address is the
#     maximum limit for the native heap growth. Please use -XX:HeapBaseMinAddress
#     to set the Java Heap base and to place the Java Heap above 4GB virtual address.
# This output file may be truncated or incomplete.
#
#  Out of Memory Error (allocation.cpp:389), pid=2720, tid=0x0000000000003038
#
# JRE version: Java(TM) SE Runtime Environment (8.0_202-b08) (build 1.8.0_202-b08)
# Java VM: Java HotSpot(TM) 64-Bit Server VM (25.202-b08 mixed mode windows-amd64 compressed oops)
# Failed to write core dump. Minidumps are not enabled by default on client versions of Windows
#

---------------  T H R E A D  ---------------

Current thread (0x0000000019d3f800):  JavaThread "C2 CompilerThread0" daemon [_thread_in_native, id=12344, stack(0x000000001ab80000,0x000000001ac80000)]

Stack: [0x000000001ab80000,0x000000001ac80000]
[error occurred during error reporting (printing stack bounds), id 0xc0000005]

Native frames: (J=compiled Java code, j=interpreted, Vv=VM code, C=native code)


Current CompileTask:
C2:   1855 1270       4       java.io.DataOutputStream::writeUTF (435 bytes)


---------------  P R O C E S S  ---------------

Java Threads: ( => current thread )
  0x000000001b447800 JavaThread "background-preinit" [_thread_in_vm, id=22876, stack(0x000000001c9d0000,0x000000001cad0000)]
  0x000000001a33b000 JavaThread "Service Thread" daemon [_thread_blocked, id=30000, stack(0x000000001af80000,0x000000001b080000)]
  0x0000000019d4a800 JavaThread "C1 CompilerThread3" daemon [_thread_blocked, id=22180, stack(0x000000001ae80000,0x000000001af80000)]
  0x0000000019d40800 JavaThread "C2 CompilerThread2" daemon [_thread_blocked, id=26632, stack(0x000000001ad80000,0x000000001ae80000)]
  0x0000000019cf1800 JavaThread "C2 CompilerThread1" daemon [_thread_in_native, id=1596, stack(0x000000001ac80000,0x000000001ad80000)]
=>0x0000000019d3f800 JavaThread "C2 CompilerThread0" daemon [_thread_in_native, id=12344, stack(0x000000001ab80000,0x000000001ac80000)]
  0x000000001a2c2800 JavaThread "Monitor Ctrl-Break" daemon [_thread_in_native, id=15624, stack(0x000000001aa80000,0x000000001ab80000)]
  0x00000000199b6800 JavaThread "Attach Listener" daemon [_thread_blocked, id=28048, stack(0x000000001a180000,0x000000001a280000)]
  0x0000000017bae000 JavaThread "Signal Dispatcher" daemon [_thread_blocked, id=28608, stack(0x000000001a080000,0x000000001a180000)]
  0x00000000199a1800 JavaThread "Finalizer" daemon [_thread_blocked, id=19080, stack(0x0000000019e80000,0x0000000019f80000)]
  0x00000000199a0800 JavaThread "Reference Handler" daemon [_thread_blocked, id=28264, stack(0x0000000019d80000,0x0000000019e80000)]
  0x0000000002af6800 JavaThread "main" [_thread_in_vm, id=3300, stack(0x0000000002820000,0x0000000002920000)]

Other Threads:
  0x0000000017b99800 VMThread [stack: 0x0000000019880000,0x0000000019980000] [id=1516]
  0x000000001a431000 WatcherThread [stack: 0x000000001b080000,0x000000001b180000] [id=28064]

VM state:not at safepoint (normal execution)

VM Mutex/Monitor currently owned by a thread: None

heap address: 0x0000000081600000, size: 2026 MB, Compressed Oops mode: 32-bit
Narrow klass base: 0x0000000000000000, Narrow klass shift: 3
Compressed class space size: 1073741824 Address: 0x0000000100000000

Heap:
 PSYoungGen      total 38400K, used 22413K [0x00000000d5d00000, 0x00000000d8780000, 0x0000000100000000)
  eden space 33280K, 51% used [0x00000000d5d00000,0x00000000d6de5840,0x00000000d7d80000)
  from space 5120K, 99% used [0x00000000d7d80000,0x00000000d827dc48,0x00000000d8280000)
  to   space 5120K, 0% used [0x00000000d8280000,0x00000000d8280000,0x00000000d8780000)
 ParOldGen       total 87552K, used 2624K [0x0000000081600000, 0x0000000086b80000, 0x00000000d5d00000)
  object space 87552K, 2% used [0x0000000081600000,0x00000000818900b0,0x0000000086b80000)
 Metaspace       used 18643K, capacity 19374K, committed 19456K, reserved 1067008K
  class space    used 2334K, capacity 2507K, committed 2560K, reserved 1048576K

Card table byte_map: [0x0000000011fb0000,0x00000000123b0000] byte_map_base: 0x0000000011ba5000

Marking Bits: (ParMarkBitMap*) 0x000000006dd75ce0
 Begin Bits: [0x0000000012e60000, 0x0000000014e08000)
 End Bits:   [0x0000000014e08000, 0x0000000016db0000)

Polling page: 0x0000000001020000

CodeCache: size=245760Kb used=4719Kb max_used=4719Kb free=241040Kb
 bounds [0x0000000002bf0000, 0x0000000003090000, 0x0000000011bf0000]
 total_blobs=1745 nmethods=1390 adapters=267
 compilation: enabled

Compilation events (10 events):
Event: 1.549 Thread 0x0000000019d4a800 nmethod 1276 0x0000000003042d90 code [0x0000000003042f20, 0x0000000003043888]
Event: 1.549 Thread 0x0000000019d4a800 1277       3       java.util.Collections$UnmodifiableRandomAccessList::<init> (6 bytes)
Event: 1.549 Thread 0x0000000019d4a800 nmethod 1277 0x0000000003042690 code [0x0000000003042820, 0x0000000003042bc8]
Event: 1.549 Thread 0x0000000019d4a800 1278       3       java.util.Collections$UnmodifiableList::<init> (11 bytes)
Event: 1.550 Thread 0x0000000019d4a800 nmethod 1278 0x0000000003045390 code [0x0000000003045500, 0x0000000003045848]
Event: 1.550 Thread 0x0000000019d4a800 1280       3       org.springframework.core.annotation.AttributeMethods::size (6 bytes)
Event: 1.550 Thread 0x0000000019d4a800 nmethod 1280 0x00000000030459d0 code [0x0000000003045b20, 0x0000000003045c70]
Event: 1.550 Thread 0x0000000019d4a800 1279       1       org.springframework.core.annotation.AnnotationTypeMapping::access$000 (5 bytes)
Event: 1.550 Thread 0x0000000019d4a800 nmethod 1279 0x0000000003045d10 code [0x0000000003045e60, 0x0000000003045f50]
Event: 1.550 Thread 0x0000000019d4a800 1281       3       sun.reflect.generics.visitor.Reifier::make (9 bytes)

GC Heap History (4 events):
Event: 0.812 GC heap before
{Heap before GC invocations=1 (full 0):
 PSYoungGen      total 38400K, used 33280K [0x00000000d5d00000, 0x00000000d8780000, 0x0000000100000000)
  eden space 33280K, 100% used [0x00000000d5d00000,0x00000000d7d80000,0x00000000d7d80000)
  from space 5120K, 0% used [0x00000000d8280000,0x00000000d8280000,0x00000000d8780000)
  to   space 5120K, 0% used [0x00000000d7d80000,0x00000000d7d80000,0x00000000d8280000)
 ParOldGen       total 87552K, used 0K [0x0000000081600000, 0x0000000086b80000, 0x00000000d5d00000)
  object space 87552K, 0% used [0x0000000081600000,0x0000000081600000,0x0000000086b80000)
 Metaspace       used 8568K, capacity 8794K, committed 8832K, reserved 1056768K
  class space    used 1018K, capacity 1121K, committed 1152K, reserved 1048576K
Event: 0.818 GC heap after
Heap after GC invocations=1 (full 0):
 PSYoungGen      total 38400K, used 4209K [0x00000000d5d00000, 0x00000000d8780000, 0x0000000100000000)
  eden space 33280K, 0% used [0x00000000d5d00000,0x00000000d5d00000,0x00000000d7d80000)
  from space 5120K, 82% used [0x00000000d7d80000,0x00000000d819c6c0,0x00000000d8280000)
  to   space 5120K, 0% used [0x00000000d8280000,0x00000000d8280000,0x00000000d8780000)
 ParOldGen       total 87552K, used 16K [0x0000000081600000, 0x0000000086b80000, 0x00000000d5d00000)
  object space 87552K, 0% used [0x0000000081600000,0x0000000081604000,0x0000000086b80000)
 Metaspace       used 8568K, capacity 8794K, committed 8832K, reserved 1056768K
  class space    used 1018K, capacity 1121K, committed 1152K, reserved 1048576K
}
Event: 1.296 GC heap before
{Heap before GC invocations=2 (full 0):
 PSYoungGen      total 38400K, used 37489K [0x00000000d5d00000, 0x00000000d8780000, 0x0000000100000000)
  eden space 33280K, 100% used [0x00000000d5d00000,0x00000000d7d80000,0x00000000d7d80000)
  from space 5120K, 82% used [0x00000000d7d80000,0x00000000d819c6c0,0x00000000d8280000)
  to   space 5120K, 0% used [0x00000000d8280000,0x00000000d8280000,0x00000000d8780000)
 ParOldGen       total 87552K, used 16K [0x0000000081600000, 0x0000000086b80000, 0x00000000d5d00000)
  object space 87552K, 0% used [0x0000000081600000,0x0000000081604000,0x0000000086b80000)
 Metaspace       used 12964K, capacity 13594K, committed 13824K, reserved 1060864K
  class space    used 1623K, capacity 1761K, committed 1792K, reserved 1048576K
Event: 1.306 GC heap after
Heap after GC invocations=2 (full 0):
 PSYoungGen      total 38400K, used 5107K [0x00000000d5d00000, 0x00000000d8780000, 0x0000000100000000)
  eden space 33280K, 0% used [0x00000000d5d00000,0x00000000d5d00000,0x00000000d7d80000)
  from space 5120K, 99% used [0x00000000d8280000,0x00000000d877cf10,0x00000000d8780000)
  to   space 5120K, 0% used [0x00000000d7d80000,0x00000000d7d80000,0x00000000d8280000)
 ParOldGen       total 87552K, used 416K [0x0000000081600000, 0x0000000086b80000, 0x00000000d5d00000)
  object space 87552K, 0% used [0x0000000081600000,0x00000000816683c8,0x0000000086b80000)
 Metaspace       used 12964K, capacity 13594K, committed 13824K, reserved 1060864K
  class space    used 1623K, capacity 1761K, committed 1792K, reserved 1048576K
}

Deoptimization events (7 events):
Event: 0.375 Thread 0x0000000002af6800 Uncommon trap: reason=unstable_if action=reinterpret pc=0x0000000002d8170c method=sun.misc.MetaIndex.mayContain(Ljava/lang/String;)Z @ 13
Event: 0.531 Thread 0x0000000002af6800 Uncommon trap: reason=unstable_if action=reinterpret pc=0x0000000002da6c04 method=java.util.zip.ZipCoder.encoder()Ljava/nio/charset/CharsetEncoder; @ 4
Event: 0.536 Thread 0x0000000002af6800 Uncommon trap: reason=unstable_if action=reinterpret pc=0x0000000002da15b4 method=java.util.zip.ZipCoder.encoder()Ljava/nio/charset/CharsetEncoder; @ 4
Event: 0.728 Thread 0x0000000002af6800 Uncommon trap: reason=unstable_if action=reinterpret pc=0x0000000002d87078 method=java.lang.String.indexOf([CII[CIII)I @ 3
Event: 0.772 Thread 0x0000000002af6800 Uncommon trap: reason=range_check action=make_not_entrant pc=0x0000000002e7d7e0 method=sun.reflect.generics.parser.SignatureParser.current()C @ 34
Event: 1.087 Thread 0x0000000002af6800 Uncommon trap: reason=unstable_if action=reinterpret pc=0x0000000002e7b588 method=java.util.HashMap.getNode(ILjava/lang/Object;)Ljava/util/HashMap$Node; @ 129
Event: 1.534 Thread 0x0000000002af6800 Uncommon trap: reason=class_check action=maybe_recompile pc=0x0000000002ff1ee8 method=java.util.HashMap.putVal(ILjava/lang/Object;Ljava/lang/Object;ZZ)Ljava/lang/Object; @ 203

Classes redefined (0 events):
No events

Internal exceptions (10 events):
Event: 0.812 Thread 0x0000000002af6800 Exception <a 'java/lang/ArrayIndexOutOfBoundsException'> (0x00000000d7d07fe8) thrown at [C:\re\workspace\8-2-build-windows-amd64-cygwin\jdk8u202\12323\hotspot\src\share\vm\runtime\sharedRuntime.cpp, line 605]
Event: 0.915 Thread 0x0000000002af6800 Exception <a 'java/lang/NoSuchMethodError': java.lang.Object.lambda$comparingInt$7b0bb60$1(Ljava/util/function/ToIntFunction;Ljava/lang/Object;Ljava/lang/Object;)I> (0x00000000d636cd00) thrown at [C:\re\workspace\8-2-build-windows-amd64-cygwin\jdk8u202\12
Event: 0.918 Thread 0x0000000002af6800 Exception <a 'java/lang/IncompatibleClassChangeError': Found class java.lang.Object, but interface was expected> (0x00000000d639c480) thrown at [C:\re\workspace\8-2-build-windows-amd64-cygwin\jdk8u202\12323\hotspot\src\share\vm\interpreter\linkResolver.cp
Event: 0.946 Thread 0x0000000002af6800 Exception <a 'java/lang/NoSuchMethodError': java.lang.Object.lambda$or$2(Ljava/util/function/BiPredicate;Ljava/lang/Object;Ljava/lang/Object;)Z> (0x00000000d65babc0) thrown at [C:\re\workspace\8-2-build-windows-amd64-cygwin\jdk8u202\12323\hotspot\src\shar
Event: 0.947 Thread 0x0000000002af6800 Exception <a 'java/lang/NoSuchMethodError': java.lang.Object.lambda$chars$0()Ljava/util/Spliterator$OfInt;> (0x00000000d65cf178) thrown at [C:\re\workspace\8-2-build-windows-amd64-cygwin\jdk8u202\12323\hotspot\src\share\vm\interpreter\linkResolver.cpp, li
Event: 0.994 Thread 0x0000000002af6800 Exception <a 'java/lang/NoSuchMethodError': java.lang.Object.lambda$comparing$77a9974f$1(Ljava/util/function/Function;Ljava/lang/Object;Ljava/lang/Object;)I> (0x00000000d697a6d8) thrown at [C:\re\workspace\8-2-build-windows-amd64-cygwin\jdk8u202\12323\hot
Event: 1.032 Thread 0x0000000002af6800 Exception <a 'java/lang/NoSuchMethodError': java.lang.Object.lambda$from$1(Ljava/util/function/Supplier;Lorg/springframework/boot/BootstrapContext;)Ljava/lang/Object;> (0x00000000d6c2b858) thrown at [C:\re\workspace\8-2-build-windows-amd64-cygwin\jdk8u202
Event: 1.099 Thread 0x0000000002af6800 Exception <a 'java/lang/NoSuchMethodError': java.lang.Object.lambda$and$0(Ljava/util/function/Predicate;Ljava/lang/Object;)Z> (0x00000000d6faa400) thrown at [C:\re\workspace\8-2-build-windows-amd64-cygwin\jdk8u202\12323\hotspot\src\share\vm\interpreter\li
Event: 1.224 Thread 0x000000001b447800 Exception <a 'java/lang/NoClassDefFoundError': javax/validation/Validation> (0x00000000d76338f8) thrown at [C:\re\workspace\8-2-build-windows-amd64-cygwin\jdk8u202\12323\hotspot\src\share\vm\classfile\systemDictionary.cpp, line 199]
Event: 1.452 Thread 0x0000000002af6800 Exception <a 'java/lang/NoSuchMethodError': org.slf4j.impl.StaticMDCBinder.getSingleton()Lorg/slf4j/impl/StaticMDCBinder;> (0x00000000d6aa2430) thrown at [C:\re\workspace\8-2-build-windows-amd64-cygwin\jdk8u202\12323\hotspot\src\share\vm\interpreter\linkR

Events (10 events):
Event: 1.546 loading class org/springframework/core/annotation/ValueExtractor
Event: 1.546 loading class org/springframework/core/annotation/ValueExtractor done
Event: 1.546 loading class com/fasterxml/jackson/databind/type/LogicalType
Event: 1.546 loading class com/fasterxml/jackson/databind/type/LogicalType done
Event: 1.547 loading class com/fasterxml/jackson/databind/cfg/CoercionAction
Event: 1.547 loading class com/fasterxml/jackson/databind/cfg/CoercionAction done
Event: 1.548 loading class com/fasterxml/jackson/databind/cfg/MutableCoercionConfig
Event: 1.548 loading class com/fasterxml/jackson/databind/cfg/MutableCoercionConfig done
Event: 1.549 loading class com/fasterxml/jackson/databind/cfg/CoercionConfig
Event: 1.549 loading class com/fasterxml/jackson/databind/cfg/CoercionConfig done


Dynamic libraries:
0x00007ff636920000 - 0x00007ff636957000 	C:\Program Files\Java\jdk1.8.0_202\bin\java.exe
0x00007ff9ef3d0000 - 0x00007ff9ef5c8000 	C:\Windows\SYSTEM32\ntdll.dll
0x00007ff9ee4b0000 - 0x00007ff9ee56d000 	C:\Windows\System32\KERNEL32.DLL
0x00007ff9ecf20000 - 0x00007ff9ed1ee000 	C:\Windows\System32\KERNELBASE.dll
0x00007ff9ee660000 - 0x00007ff9ee70e000 	C:\Windows\System32\ADVAPI32.dll
0x00007ff9ed700000 - 0x00007ff9ed79e000 	C:\Windows\System32\msvcrt.dll
0x00007ff9ed630000 - 0x00007ff9ed6cc000 	C:\Windows\System32\sechost.dll
0x00007ff9ed500000 - 0x00007ff9ed625000 	C:\Windows\System32\RPCRT4.dll
0x00007ff9eea40000 - 0x00007ff9eebe0000 	C:\Windows\System32\USER32.dll
0x00007ff9ed300000 - 0x00007ff9ed322000 	C:\Windows\System32\win32u.dll
0x00007ff9ed6d0000 - 0x00007ff9ed6fa000 	C:\Windows\System32\GDI32.dll
0x00007ff9ed1f0000 - 0x00007ff9ed2fb000 	C:\Windows\System32\gdi32full.dll
0x00007ff9ecd20000 - 0x00007ff9ecdbd000 	C:\Windows\System32\msvcp_win.dll
0x00007ff9ed330000 - 0x00007ff9ed430000 	C:\Windows\System32\ucrtbase.dll
0x00007ff9cda00000 - 0x00007ff9cdc9a000 	C:\Windows\WinSxS\amd64_microsoft.windows.common-controls_6595b64144ccf1df_6.0.19041.1110_none_60b5254171f9507e\COMCTL32.dll
0x00007ff9eda10000 - 0x00007ff9eda40000 	C:\Windows\System32\IMM32.DLL
0x000000006df70000 - 0x000000006e042000 	C:\Program Files\Java\jdk1.8.0_202\jre\bin\msvcr100.dll
0x000000006d550000 - 0x000000006ddf5000 	C:\Program Files\Java\jdk1.8.0_202\jre\bin\server\jvm.dll
0x00007ff9ee370000 - 0x00007ff9ee378000 	C:\Windows\System32\PSAPI.DLL
0x00007ff9d9680000 - 0x00007ff9d96a7000 	C:\Windows\SYSTEM32\WINMM.dll
0x00007ff9e6240000 - 0x00007ff9e624a000 	C:\Windows\SYSTEM32\VERSION.dll
0x00007ff9c9b50000 - 0x00007ff9c9b59000 	C:\Windows\SYSTEM32\WSOCK32.dll
0x00007ff9ee570000 - 0x00007ff9ee5db000 	C:\Windows\System32\WS2_32.dll
0x00007ff9bc500000 - 0x00007ff9bc50f000 	C:\Program Files\Java\jdk1.8.0_202\jre\bin\verify.dll
0x00007ff9b9990000 - 0x00007ff9b99b9000 	C:\Program Files\Java\jdk1.8.0_202\jre\bin\java.dll
0x00007ff9e3540000 - 0x00007ff9e3563000 	C:\Program Files\Java\jdk1.8.0_202\jre\bin\instrument.dll
0x00007ff9b9fe0000 - 0x00007ff9b9ff6000 	C:\Program Files\Java\jdk1.8.0_202\jre\bin\zip.dll
0x00007ff9eec40000 - 0x00007ff9ef384000 	C:\Windows\System32\SHELL32.dll
0x00007ff9eab90000 - 0x00007ff9eb324000 	C:\Windows\SYSTEM32\windows.storage.dll
0x00007ff9edf20000 - 0x00007ff9ee274000 	C:\Windows\System32\combase.dll
0x00007ff9ec480000 - 0x00007ff9ec4b0000 	C:\Windows\SYSTEM32\Wldp.dll
0x00007ff9ed830000 - 0x00007ff9ed8dd000 	C:\Windows\System32\SHCORE.dll
0x00007ff9edeb0000 - 0x00007ff9edf05000 	C:\Windows\System32\shlwapi.dll
0x00007ff9eca30000 - 0x00007ff9eca4f000 	C:\Windows\SYSTEM32\profapi.dll
0x00007ff9e6f60000 - 0x00007ff9e6f7a000 	C:\Program Files\JetBrains\IntelliJ IDEA Community Edition 2022.2\bin\breakgen64.dll
0x00007ff9b9910000 - 0x00007ff9b992a000 	C:\Program Files\Java\jdk1.8.0_202\jre\bin\net.dll
0x00007ff9dabb0000 - 0x00007ff9dad9c000 	C:\Windows\SYSTEM32\urlmon.dll
0x00007ff9da8f0000 - 0x00007ff9daba1000 	C:\Windows\SYSTEM32\iertutil.dll
0x00007ff9ebfa0000 - 0x00007ff9ebfac000 	C:\Windows\SYSTEM32\netutils.dll
0x00007ff9df1d0000 - 0x00007ff9df1f8000 	C:\Windows\SYSTEM32\srvcli.dll
0x00007ff9ec180000 - 0x00007ff9ec1ea000 	C:\Windows\system32\mswsock.dll
0x00007ff9e6bb0000 - 0x00007ff9e6bbd000 	C:\Program Files\Java\jdk1.8.0_202\jre\bin\management.dll
0x00007ff9c69f0000 - 0x00007ff9c6a07000 	C:\Windows\system32\napinsp.dll
0x00007ff9c69d0000 - 0x00007ff9c69eb000 	C:\Windows\system32\pnrpnsp.dll
0x00007ff9e7010000 - 0x00007ff9e7025000 	C:\Windows\system32\wshbth.dll
0x00007ff9e8250000 - 0x00007ff9e826d000 	C:\Windows\system32\NLAapi.dll
0x00007ff9ebe90000 - 0x00007ff9ebecb000 	C:\Windows\SYSTEM32\IPHLPAPI.DLL
0x00007ff9ebed0000 - 0x00007ff9ebf9a000 	C:\Windows\SYSTEM32\DNSAPI.dll
0x00007ff9ee360000 - 0x00007ff9ee368000 	C:\Windows\System32\NSI.dll
0x00007ff9c67b0000 - 0x00007ff9c67c2000 	C:\Windows\System32\winrnr.dll
0x00007ff9e5150000 - 0x00007ff9e515a000 	C:\Windows\System32\rasadhlp.dll
0x00007ff9e2dd0000 - 0x00007ff9e2e50000 	C:\Windows\System32\fwpuclnt.dll
0x00007ff9ecc40000 - 0x00007ff9ecc67000 	C:\Windows\System32\bcrypt.dll
0x00007ff9b98b0000 - 0x00007ff9b98c2000 	C:\Program Files\Java\jdk1.8.0_202\jre\bin\nio.dll

VM Arguments:
jvm_args: -javaagent:C:\Program Files\JetBrains\IntelliJ IDEA Community Edition 2022.2\lib\idea_rt.jar=59386:C:\Program Files\JetBrains\IntelliJ IDEA Community Edition 2022.2\bin -Dfile.encoding=UTF-8 
java_command: com.assignment.GasStationProducer.GasStationProducerApplication
java_class_path (initial): C:\Program Files\Java\jdk1.8.0_202\jre\lib\charsets.jar;C:\Program Files\Java\jdk1.8.0_202\jre\lib\deploy.jar;C:\Program Files\Java\jdk1.8.0_202\jre\lib\ext\access-bridge-64.jar;C:\Program Files\Java\jdk1.8.0_202\jre\lib\ext\cldrdata.jar;C:\Program Files\Java\jdk1.8.0_202\jre\lib\ext\dnsns.jar;C:\Program Files\Java\jdk1.8.0_202\jre\lib\ext\jaccess.jar;C:\Program Files\Java\jdk1.8.0_202\jre\lib\ext\jfxrt.jar;C:\Program Files\Java\jdk1.8.0_202\jre\lib\ext\localedata.jar;C:\Program Files\Java\jdk1.8.0_202\jre\lib\ext\nashorn.jar;C:\Program Files\Java\jdk1.8.0_202\jre\lib\ext\sunec.jar;C:\Program Files\Java\jdk1.8.0_202\jre\lib\ext\sunjce_provider.jar;C:\Program Files\Java\jdk1.8.0_202\jre\lib\ext\sunmscapi.jar;C:\Program Files\Java\jdk1.8.0_202\jre\lib\ext\sunpkcs11.jar;C:\Program Files\Java\jdk1.8.0_202\jre\lib\ext\zipfs.jar;C:\Program Files\Java\jdk1.8.0_202\jre\lib\javaws.jar;C:\Program Files\Java\jdk1.8.0_202\jre\lib\jce.jar;C:\Program Files\Java\jdk1.8.0_202\jre\lib\jfr.jar;C:\Program Files\Java\jdk1.8.0_202\jre\lib\jfxswt.jar;C:\Program Files\Java\jdk1.8.0_202\jre\lib\jsse.jar;C:\Program Files\Java\jdk1.8.0_202\jre\lib\management-agent.jar;C:\Program Files\Java\jdk1.8.0_202\jre\lib\plugin.jar;C:\Program Files\Java\jdk1.8.0_202\jre\lib\resources.jar;C:\Program Files\Java\jdk1.8.0_202\jre\lib\rt.jar;D:\Virtusa\kafkaProject\Gas-Station\GasStationProducer\target\classes;C:\Users\bhagy\.m2\repository\org\springframework\boot\spring-boot-starter-data-jpa\2.7.3\spring-boot-starter-data-jpa-2.7.3.jar;C:\Users\bhagy\.m2\repository\org\springframework\boot\spring-boot-starter-aop\2.7.3\spring-boot-starter-aop-2.7.3.jar;C:\Users\bhagy\.m2\repository\org\springframework\spring-aop\5.3.22\spring-aop-5.3.22.jar;C:\Users\bhagy\.m2\repository\org\aspectj\aspectjweaver\1.9.7\aspectjweaver-1.9.7.jar;C:\Users\bhagy\.m2\repository\org\springframework\boot\spring-boot-starter-jdbc\2.7.3\spring-boot-starter-jdbc-2.7.3.jar;C:\Users\bhagy\.m2\repository\com\
Launcher Type: SUN_STANDARD

Environment Variables:
CLASSPATH=C:\Program Files\Java\jdk1.8.0_202\lib
PATH=C:\Python310\Scripts\;C:\Python310\;C:\Program Files (x86)\Common Files\Oracle\Java\javapath;C:\Program Files\Microsoft MPI\Bin\;C:\Windows\system32;C:\Windows;C:\Windows\System32\Wbem;C:\Windows\System32\WindowsPowerShell\v1.0\;C:\Windows\System32\OpenSSH\;C:\Program Files\dotnet\;C:\Program Files\Microsoft SQL Server\Client SDK\ODBC\170\Tools\Binn\;C:\Program Files (x86)\Microsoft SQL Server\150\Tools\Binn\;C:\Program Files\Microsoft SQL Server\150\Tools\Binn\;C:\Program Files\Microsoft SQL Server\150\DTS\Binn\;C:\Program Files (x86)\Microsoft SQL Server\150\DTS\Binn\;C:\Program Files\Azure Data Studio\bin;C:\Program Files\Microsoft SQL Server\130\Tools\Binn\;C:\Program Files (x86)\dotnet\;C:\Program Files\nodejs\;C:\ProgramData\chocolatey\bin;C:\Program Files\Docker\Docker\resources\bin;C:\ProgramData\DockerDesktop\version-bin;C:\Program Files\apache-maven-3.8.6\bin;C:\Program Files\MySQL\MySQL Shell 8.0\bin\;C:\Program Files\Java\jdk1.8.0_202\bin;C:\Users\bhagy\AppData\Roaming\npm;C:\Users\bhagy\AppData\Local\Programs\Microsoft VS Code\bin;C:\Program Files\JetBrains\IntelliJ IDEA Community Edition 2022.2\bin;
USERNAME=bhagy
OS=Windows_NT
PROCESSOR_IDENTIFIER=Intel64 Family 6 Model 142 Stepping 10, GenuineIntel



---------------  S Y S T E M  ---------------

OS: Windows 10.0 , 64 bit Build 19041 (10.0.19041.1889)

CPU:total 8 (initial active 8) (4 cores per cpu, 2 threads per core) family 6 model 142 stepping 10, cmov, cx8, fxsr, mmx, sse, sse2, sse3, ssse3, sse4.1, sse4.2, popcnt, avx, avx2, aes, clmul, erms, 3dnowpref, lzcnt, ht, tsc, tscinvbit, bmi1, bmi2, adx

Memory: 4k page, physical 8297572k(576672k free), swap 20880484k(976k free)

vm_info: Java HotSpot(TM) 64-Bit Server VM (25.202-b08) for windows-amd64 JRE (1.8.0_202-b08), built on Dec 15 2018 19:54:30 by "java_re" with MS VC++ 10.0 (VS2010)

time: Mon Sep 05 21:32:49 2022
timezone: Sri Lanka Standard Time
elapsed time: 1 seconds (0d 0h 0m 1s)

