#
# There is insufficient memory for the Java Runtime Environment to continue.
# Native memory allocation (malloc) failed to allocate 421136 bytes for Chunk::new
# Possible reasons:
#   The system is out of physical RAM or swap space
#   The process is running with CompressedOops enabled, and the Java Heap may be blocking the growth of the native heap
# Possible solutions:
#   Reduce memory load on the system
#   Increase physical memory or swap space
#   Check if swap backing store is full
#   Decrease Java heap size (-Xmx/-Xms)
#   Decrease number of Java threads
#   Decrease Java thread stack sizes (-Xss)
#   Set larger code cache with -XX:ReservedCodeCacheSize=
#   JVM is running with Unscaled Compressed Oops mode in which the Java heap is
#     placed in the first 4GB address space. The Java Heap base address is the
#     maximum limit for the native heap growth. Please use -XX:HeapBaseMinAddress
#     to set the Java Heap base and to place the Java Heap above 4GB virtual address.
# This output file may be truncated or incomplete.
#
#  Out of Memory Error (allocation.cpp:389), pid=9608, tid=0x0000000000005e00
#
# JRE version: Java(TM) SE Runtime Environment (8.0_202-b08) (build 1.8.0_202-b08)
# Java VM: Java HotSpot(TM) 64-Bit Server VM (25.202-b08 mixed mode windows-amd64 compressed oops)
# Failed to write core dump. Minidumps are not enabled by default on client versions of Windows
#

---------------  T H R E A D  ---------------

Current thread (0x0000000019cf9000):  JavaThread "C2 CompilerThread0" daemon [_thread_in_native, id=24064, stack(0x000000001ab40000,0x000000001ac40000)]

Stack: [0x000000001ab40000,0x000000001ac40000]
[error occurred during error reporting (printing stack bounds), id 0xc0000005]

Native frames: (J=compiled Java code, j=interpreted, Vv=VM code, C=native code)


Current CompileTask:
C2:   8453 3610   !   4       java.net.URL::<init> (543 bytes)


---------------  P R O C E S S  ---------------

Java Threads: ( => current thread )
  0x000000001e0a7800 JavaThread "HikariPool-1 housekeeper" daemon [_thread_blocked, id=11864, stack(0x0000000021170000,0x0000000021270000)]
  0x000000001e6f7800 JavaThread "mysql-cj-abandoned-connection-cleanup" daemon [_thread_blocked, id=9700, stack(0x000000001fa50000,0x000000001fb50000)]
  0x000000001b63d000 JavaThread "container-0" [_thread_blocked, id=17888, stack(0x000000001f950000,0x000000001fa50000)]
  0x0000000020607000 JavaThread "Catalina-utility-2" [_thread_blocked, id=1412, stack(0x000000001e460000,0x000000001e560000)]
  0x000000001ff61800 JavaThread "Catalina-utility-1" [_thread_blocked, id=14084, stack(0x000000001c990000,0x000000001ca90000)]
  0x0000000019d3e000 JavaThread "Service Thread" daemon [_thread_blocked, id=22072, stack(0x000000001af40000,0x000000001b040000)]
  0x0000000019d0b000 JavaThread "C1 CompilerThread3" daemon [_thread_blocked, id=20256, stack(0x000000001ae40000,0x000000001af40000)]
  0x0000000019cf9800 JavaThread "C2 CompilerThread2" daemon [_thread_in_native, id=7728, stack(0x000000001ad40000,0x000000001ae40000)]
  0x0000000019ca9000 JavaThread "C2 CompilerThread1" daemon [_thread_in_native, id=840, stack(0x000000001ac40000,0x000000001ad40000)]
=>0x0000000019cf9000 JavaThread "C2 CompilerThread0" daemon [_thread_in_native, id=24064, stack(0x000000001ab40000,0x000000001ac40000)]
  0x0000000019cd7000 JavaThread "Monitor Ctrl-Break" daemon [_thread_in_native, id=10972, stack(0x000000001aa40000,0x000000001ab40000)]
  0x0000000019978000 JavaThread "Attach Listener" daemon [_thread_blocked, id=29876, stack(0x000000001a140000,0x000000001a240000)]
  0x0000000017b7e000 JavaThread "Signal Dispatcher" daemon [_thread_blocked, id=4120, stack(0x000000001a040000,0x000000001a140000)]
  0x0000000019961800 JavaThread "Finalizer" daemon [_thread_blocked, id=25636, stack(0x0000000019e40000,0x0000000019f40000)]
  0x0000000019960800 JavaThread "Reference Handler" daemon [_thread_blocked, id=30364, stack(0x0000000019d40000,0x0000000019e40000)]
  0x0000000002ac6800 JavaThread "main" [_thread_in_native, id=30300, stack(0x00000000027b0000,0x00000000028b0000)]

Other Threads:
  0x0000000017b69800 VMThread [stack: 0x0000000019840000,0x0000000019940000] [id=4832]
  0x000000001a3f6800 WatcherThread [stack: 0x000000001b040000,0x000000001b140000] [id=20824]

VM state:not at safepoint (normal execution)

VM Mutex/Monitor currently owned by a thread:  ([mutex/lock_event])
[0x0000000002ac3880] SymbolTable_lock - owner thread: 0x0000000000000000

heap address: 0x0000000081600000, size: 2026 MB, Compressed Oops mode: 32-bit
Narrow klass base: 0x0000000000000000, Narrow klass shift: 3
Compressed class space size: 1073741824 Address: 0x0000000100000000

Heap:
 PSYoungGen      total 164352K, used 67953K [0x00000000d5d00000, 0x00000000e3780000, 0x0000000100000000)
  eden space 154112K, 44% used [0x00000000d5d00000,0x00000000d9f5c610,0x00000000df380000)
  from space 10240K, 0% used [0x00000000dfd80000,0x00000000dfd80000,0x00000000e0780000)
  to   space 10240K, 0% used [0x00000000df380000,0x00000000df380000,0x00000000dfd80000)
 ParOldGen       total 90112K, used 12312K [0x0000000081600000, 0x0000000086e00000, 0x00000000d5d00000)
  object space 90112K, 13% used [0x0000000081600000,0x0000000082206058,0x0000000086e00000)
 Metaspace       used 41423K, capacity 43708K, committed 43992K, reserved 1087488K
  class space    used 5460K, capacity 5881K, committed 5888K, reserved 1048576K

Card table byte_map: [0x0000000011f80000,0x0000000012380000] byte_map_base: 0x0000000011b75000

Marking Bits: (ParMarkBitMap*) 0x000000006dd75ce0
 Begin Bits: [0x0000000012e30000, 0x0000000014dd8000)
 End Bits:   [0x0000000014dd8000, 0x0000000016d80000)

Polling page: 0x0000000000f40000

CodeCache: size=245760Kb used=13463Kb max_used=13463Kb free=232296Kb
 bounds [0x0000000002bc0000, 0x00000000038f0000, 0x0000000011bc0000]
 total_blobs=4074 nmethods=3603 adapters=383
 compilation: enabled

Compilation events (10 events):
Event: 8.413 Thread 0x0000000019d0b000 3631       3       com.mysql.cj.protocol.a.NativePacketPayload::readInteger (662 bytes)
Event: 8.414 Thread 0x0000000019d0b000 nmethod 3631 0x00000000038ea390 code [0x00000000038ea580, 0x00000000038eb068]
Event: 8.415 Thread 0x0000000019d0b000 3632       1       com.mysql.cj.protocol.a.NativePacketPayload::getByteBuffer (5 bytes)
Event: 8.415 Thread 0x0000000019d0b000 nmethod 3632 0x00000000038e6b10 code [0x00000000038e6c60, 0x00000000038e6d70]
Event: 8.418 Thread 0x0000000019d0b000 3633       3       java.net.URLStreamHandler::sameFile (136 bytes)
Event: 8.419 Thread 0x0000000019d0b000 nmethod 3633 0x00000000038edc50 code [0x00000000038ede40, 0x00000000038eee48]
Event: 8.420 Thread 0x0000000019d0b000 3634       1       com.mysql.cj.conf.AbstractRuntimeProperty::getValue (5 bytes)
Event: 8.420 Thread 0x0000000019d0b000 nmethod 3634 0x00000000038ea0d0 code [0x00000000038ea220, 0x00000000038ea330]
Event: 8.433 Thread 0x0000000019d0b000 3635  s    1       sun.security.ssl.SSLSocketImpl::getConnectionState (5 bytes)
Event: 8.433 Thread 0x0000000019d0b000 nmethod 3635 0x00000000038e8850 code [0x00000000038e89a0, 0x00000000038e8c10]

GC Heap History (10 events):
Event: 2.279 GC heap before
{Heap before GC invocations=6 (full 1):
 PSYoungGen      total 71680K, used 5088K [0x00000000d5d00000, 0x00000000df000000, 0x0000000100000000)
  eden space 66560K, 0% used [0x00000000d5d00000,0x00000000d5d00000,0x00000000d9e00000)
  from space 5120K, 99% used [0x00000000d9e00000,0x00000000da2f8258,0x00000000da300000)
  to   space 8704K, 0% used [0x00000000de780000,0x00000000de780000,0x00000000df000000)
 ParOldGen       total 87552K, used 5785K [0x0000000081600000, 0x0000000086b80000, 0x00000000d5d00000)
  object space 87552K, 6% used [0x0000000081600000,0x0000000081ba6440,0x0000000086b80000)
 Metaspace       used 20272K, capacity 21122K, committed 21248K, reserved 1067008K
  class space    used 2533K, capacity 2747K, committed 2816K, reserved 1048576K
Event: 2.313 GC heap after
Heap after GC invocations=6 (full 1):
 PSYoungGen      total 71680K, used 0K [0x00000000d5d00000, 0x00000000df000000, 0x0000000100000000)
  eden space 66560K, 0% used [0x00000000d5d00000,0x00000000d5d00000,0x00000000d9e00000)
  from space 5120K, 0% used [0x00000000d9e00000,0x00000000d9e00000,0x00000000da300000)
  to   space 8704K, 0% used [0x00000000de780000,0x00000000de780000,0x00000000df000000)
 ParOldGen       total 57344K, used 6396K [0x0000000081600000, 0x0000000084e00000, 0x00000000d5d00000)
  object space 57344K, 11% used [0x0000000081600000,0x0000000081c3f148,0x0000000084e00000)
 Metaspace       used 20272K, capacity 21122K, committed 21248K, reserved 1067008K
  class space    used 2533K, capacity 2747K, committed 2816K, reserved 1048576K
}
Event: 3.602 GC heap before
{Heap before GC invocations=7 (full 1):
 PSYoungGen      total 71680K, used 66560K [0x00000000d5d00000, 0x00000000df000000, 0x0000000100000000)
  eden space 66560K, 100% used [0x00000000d5d00000,0x00000000d9e00000,0x00000000d9e00000)
  from space 5120K, 0% used [0x00000000d9e00000,0x00000000d9e00000,0x00000000da300000)
  to   space 8704K, 0% used [0x00000000de780000,0x00000000de780000,0x00000000df000000)
 ParOldGen       total 57344K, used 6396K [0x0000000081600000, 0x0000000084e00000, 0x00000000d5d00000)
  object space 57344K, 11% used [0x0000000081600000,0x0000000081c3f148,0x0000000084e00000)
 Metaspace       used 24606K, capacity 25882K, committed 25984K, reserved 1071104K
  class space    used 3120K, capacity 3365K, committed 3456K, reserved 1048576K
Event: 3.617 GC heap after
Heap after GC invocations=7 (full 1):
 PSYoungGen      total 110080K, used 6966K [0x00000000d5d00000, 0x00000000dee80000, 0x0000000100000000)
  eden space 102912K, 0% used [0x00000000d5d00000,0x00000000d5d00000,0x00000000dc180000)
  from space 7168K, 97% used [0x00000000de780000,0x00000000dee4d968,0x00000000dee80000)
  to   space 8704K, 0% used [0x00000000ddd80000,0x00000000ddd80000,0x00000000de600000)
 ParOldGen       total 57344K, used 6404K [0x0000000081600000, 0x0000000084e00000, 0x00000000d5d00000)
  object space 57344K, 11% used [0x0000000081600000,0x0000000081c41148,0x0000000084e00000)
 Metaspace       used 24606K, capacity 25882K, committed 25984K, reserved 1071104K
  class space    used 3120K, capacity 3365K, committed 3456K, reserved 1048576K
}
Event: 5.782 GC heap before
{Heap before GC invocations=8 (full 1):
 PSYoungGen      total 110080K, used 109878K [0x00000000d5d00000, 0x00000000dee80000, 0x0000000100000000)
  eden space 102912K, 100% used [0x00000000d5d00000,0x00000000dc180000,0x00000000dc180000)
  from space 7168K, 97% used [0x00000000de780000,0x00000000dee4d968,0x00000000dee80000)
  to   space 8704K, 0% used [0x00000000ddd80000,0x00000000ddd80000,0x00000000de600000)
 ParOldGen       total 57344K, used 6404K [0x0000000081600000, 0x0000000084e00000, 0x00000000d5d00000)
  object space 57344K, 11% used [0x0000000081600000,0x0000000081c41148,0x0000000084e00000)
 Metaspace       used 31192K, capacity 33238K, committed 33408K, reserved 1079296K
  class space    used 4016K, capacity 4381K, committed 4480K, reserved 1048576K
Event: 5.792 GC heap after
Heap after GC invocations=8 (full 1):
 PSYoungGen      total 140288K, used 8695K [0x00000000d5d00000, 0x00000000e0780000, 0x0000000100000000)
  eden space 131584K, 0% used [0x00000000d5d00000,0x00000000d5d00000,0x00000000ddd80000)
  from space 8704K, 99% used [0x00000000ddd80000,0x00000000de5fde98,0x00000000de600000)
  to   space 10240K, 0% used [0x00000000dfd80000,0x00000000dfd80000,0x00000000e0780000)
 ParOldGen       total 57344K, used 7410K [0x0000000081600000, 0x0000000084e00000, 0x00000000d5d00000)
  object space 57344K, 12% used [0x0000000081600000,0x0000000081d3c9e0,0x0000000084e00000)
 Metaspace       used 31192K, capacity 33238K, committed 33408K, reserved 1079296K
  class space    used 4016K, capacity 4381K, committed 4480K, reserved 1048576K
}
Event: 6.348 GC heap before
{Heap before GC invocations=9 (full 1):
 PSYoungGen      total 140288K, used 30376K [0x00000000d5d00000, 0x00000000e0780000, 0x0000000100000000)
  eden space 131584K, 16% used [0x00000000d5d00000,0x00000000d722c438,0x00000000ddd80000)
  from space 8704K, 99% used [0x00000000ddd80000,0x00000000de5fde98,0x00000000de600000)
  to   space 10240K, 0% used [0x00000000dfd80000,0x00000000dfd80000,0x00000000e0780000)
 ParOldGen       total 57344K, used 7410K [0x0000000081600000, 0x0000000084e00000, 0x00000000d5d00000)
  object space 57344K, 12% used [0x0000000081600000,0x0000000081d3c9e0,0x0000000084e00000)
 Metaspace       used 33274K, capacity 35322K, committed 35416K, reserved 1079296K
  class space    used 4295K, capacity 4659K, committed 4736K, reserved 1048576K
Event: 6.364 GC heap after
Heap after GC invocations=9 (full 1):
 PSYoungGen      total 164352K, used 7840K [0x00000000d5d00000, 0x00000000e3780000, 0x0000000100000000)
  eden space 154112K, 0% used [0x00000000d5d00000,0x00000000d5d00000,0x00000000df380000)
  from space 10240K, 76% used [0x00000000dfd80000,0x00000000e05282e0,0x00000000e0780000)
  to   space 10240K, 0% used [0x00000000df380000,0x00000000df380000,0x00000000dfd80000)
 ParOldGen       total 57344K, used 7418K [0x0000000081600000, 0x0000000084e00000, 0x00000000d5d00000)
  object space 57344K, 12% used [0x0000000081600000,0x0000000081d3e9e0,0x0000000084e00000)
 Metaspace       used 33274K, capacity 35322K, committed 35416K, reserved 1079296K
  class space    used 4295K, capacity 4659K, committed 4736K, reserved 1048576K
}
Event: 6.364 GC heap before
{Heap before GC invocations=10 (full 2):
 PSYoungGen      total 164352K, used 7840K [0x00000000d5d00000, 0x00000000e3780000, 0x0000000100000000)
  eden space 154112K, 0% used [0x00000000d5d00000,0x00000000d5d00000,0x00000000df380000)
  from space 10240K, 76% used [0x00000000dfd80000,0x00000000e05282e0,0x00000000e0780000)
  to   space 10240K, 0% used [0x00000000df380000,0x00000000df380000,0x00000000dfd80000)
 ParOldGen       total 57344K, used 7418K [0x0000000081600000, 0x0000000084e00000, 0x00000000d5d00000)
  object space 57344K, 12% used [0x0000000081600000,0x0000000081d3e9e0,0x0000000084e00000)
 Metaspace       used 33274K, capacity 35322K, committed 35416K, reserved 1079296K
  class space    used 4295K, capacity 4659K, committed 4736K, reserved 1048576K
Event: 6.482 GC heap after
Heap after GC invocations=10 (full 2):
 PSYoungGen      total 164352K, used 0K [0x00000000d5d00000, 0x00000000e3780000, 0x0000000100000000)
  eden space 154112K, 0% used [0x00000000d5d00000,0x00000000d5d00000,0x00000000df380000)
  from space 10240K, 0% used [0x00000000dfd80000,0x00000000dfd80000,0x00000000e0780000)
  to   space 10240K, 0% used [0x00000000df380000,0x00000000df380000,0x00000000dfd80000)
 ParOldGen       total 90112K, used 12312K [0x0000000081600000, 0x0000000086e00000, 0x00000000d5d00000)
  object space 90112K, 13% used [0x0000000081600000,0x0000000082206058,0x0000000086e00000)
 Metaspace       used 33274K, capacity 35322K, committed 35416K, reserved 1079296K
  class space    used 4295K, capacity 4659K, committed 4736K, reserved 1048576K
}

Deoptimization events (10 events):
Event: 7.561 Thread 0x0000000002ac6800 Uncommon trap: reason=unstable_if action=reinterpret pc=0x000000000358e540 method=java.util.Properties.load0(Ljava/util/Properties$LineReader;)V @ 161
Event: 7.561 Thread 0x0000000002ac6800 Uncommon trap: reason=unstable_if action=reinterpret pc=0x00000000035a8fe4 method=java.util.Properties$LineReader.readLine()I @ 271
Event: 7.674 Thread 0x0000000002ac6800 Uncommon trap: reason=unstable_if action=reinterpret pc=0x000000000366c694 method=java.lang.CharacterDataLatin1.digit(II)I @ 82
Event: 7.721 Thread 0x0000000002ac6800 Uncommon trap: reason=unstable_if action=reinterpret pc=0x0000000003449b54 method=sun.misc.ASCIICaseInsensitiveComparator.compare(Ljava/lang/String;Ljava/lang/String;)I @ 83
Event: 7.747 Thread 0x0000000002ac6800 Uncommon trap: reason=unstable_if action=reinterpret pc=0x000000000379a4d0 method=java.util.Properties$LineReader.readLine()I @ 174
Event: 7.747 Thread 0x0000000002ac6800 Uncommon trap: reason=unstable_if action=reinterpret pc=0x00000000035aa11c method=java.util.Properties$LineReader.readLine()I @ 174
Event: 8.184 Thread 0x0000000002ac6800 Uncommon trap: reason=class_check action=maybe_recompile pc=0x0000000003717670 method=java.util.jar.JarFile.getJarEntry(Ljava/lang/String;)Ljava/util/jar/JarEntry; @ 2
Event: 8.184 Thread 0x0000000002ac6800 Uncommon trap: reason=class_check action=maybe_recompile pc=0x0000000003717670 method=java.util.jar.JarFile.getJarEntry(Ljava/lang/String;)Ljava/util/jar/JarEntry; @ 2
Event: 8.184 Thread 0x0000000002ac6800 Uncommon trap: reason=class_check action=maybe_recompile pc=0x0000000003717670 method=java.util.jar.JarFile.getJarEntry(Ljava/lang/String;)Ljava/util/jar/JarEntry; @ 2
Event: 8.184 Thread 0x0000000002ac6800 Uncommon trap: reason=class_check action=maybe_recompile pc=0x0000000003717670 method=java.util.jar.JarFile.getJarEntry(Ljava/lang/String;)Ljava/util/jar/JarEntry; @ 2

Classes redefined (0 events):
No events

Internal exceptions (10 events):
Event: 3.894 Thread 0x0000000002ac6800 Exception <a 'java/lang/ClassNotFoundException': org/springframework/transaction/annotation/ProxyTransactionManagementConfigurationCustomizer> (0x00000000d6718ff8) thrown at [C:\re\workspace\8-2-build-windows-amd64-cygwin\jdk8u202\12323\hotspot\src\share\
Event: 3.896 Thread 0x0000000002ac6800 Exception <a 'java/lang/ClassNotFoundException': org/springframework/context/annotation/ImportAwareCustomizer> (0x00000000d6733dc8) thrown at [C:\re\workspace\8-2-build-windows-amd64-cygwin\jdk8u202\12323\hotspot\src\share\vm\classfile\systemDictionary.cp
Event: 3.897 Thread 0x0000000002ac6800 Exception <a 'java/lang/ClassNotFoundException': org/springframework/beans/factory/AwareCustomizer> (0x00000000d6747ee0) thrown at [C:\re\workspace\8-2-build-windows-amd64-cygwin\jdk8u202\12323\hotspot\src\share\vm\classfile\systemDictionary.cpp, line 210
Event: 3.897 Thread 0x0000000002ac6800 Implicit null exception at 0x00000000033fe4cc to 0x00000000033fe65d
Event: 4.029 Thread 0x0000000002ac6800 Exception <a 'java/lang/NoSuchMethodError': java.lang.Object.lambda$map$1(Ljava/util/function/Function;)Ljava/util/stream/Stream;> (0x00000000d6c45f58) thrown at [C:\re\workspace\8-2-build-windows-amd64-cygwin\jdk8u202\12323\hotspot\src\share\vm\interpret
Event: 4.483 Thread 0x0000000002ac6800 Exception <a 'java/lang/IncompatibleClassChangeError': Found class java.lang.Object, but interface was expected> (0x00000000d74068f8) thrown at [C:\re\workspace\8-2-build-windows-amd64-cygwin\jdk8u202\12323\hotspot\src\share\vm\interpreter\linkResolver.cp
Event: 5.621 Thread 0x0000000002ac6800 Exception <a 'java/io/FileNotFoundException'> (0x00000000db7b56f8) thrown at [C:\re\workspace\8-2-build-windows-amd64-cygwin\jdk8u202\12323\hotspot\src\share\vm\prims\jni.cpp, line 710]
Event: 5.727 Thread 0x0000000002ac6800 Exception <a 'java/io/FileNotFoundException'> (0x00000000dbcf81b0) thrown at [C:\re\workspace\8-2-build-windows-amd64-cygwin\jdk8u202\12323\hotspot\src\share\vm\prims\jni.cpp, line 710]
Event: 5.800 Thread 0x0000000002ac6800 Implicit null exception at 0x0000000002f15e19 to 0x0000000002f161c5
Event: 6.613 Thread 0x0000000002ac6800 Exception <a 'java/lang/ClassNotFoundException': java/lang/Module> (0x00000000d6173c20) thrown at [C:\re\workspace\8-2-build-windows-amd64-cygwin\jdk8u202\12323\hotspot\src\share\vm\classfile\systemDictionary.cpp, line 210]

Events (10 events):
Event: 8.449 loading class org/hibernate/engine/jdbc/env/internal/JdbcEnvironmentInitiator$1
Event: 8.449 loading class org/hibernate/engine/jdbc/env/internal/JdbcEnvironmentInitiator$1 done
Event: 8.450 loading class org/hibernate/dialect/MySQL5Dialect
Event: 8.450 loading class org/hibernate/dialect/MySQL5Dialect done
Event: 8.450 loading class org/hibernate/dialect/MySQL5Dialect
Event: 8.450 loading class org/hibernate/dialect/MySQL5Dialect done
Event: 8.451 loading class org/hibernate/dialect/MySQLDialect
Event: 8.451 loading class org/hibernate/dialect/MySQLDialect done
Event: 8.452 loading class org/hibernate/loader/BatchLoadSizingStrategy
Event: 8.452 loading class org/hibernate/loader/BatchLoadSizingStrategy done


Dynamic libraries:
0x00007ff636920000 - 0x00007ff636957000 	C:\Program Files\Java\jdk1.8.0_202\bin\java.exe
0x00007ff9ef3d0000 - 0x00007ff9ef5c8000 	C:\Windows\SYSTEM32\ntdll.dll
0x00007ff9ee4b0000 - 0x00007ff9ee56d000 	C:\Windows\System32\KERNEL32.DLL
0x00007ff9ecf20000 - 0x00007ff9ed1ee000 	C:\Windows\System32\KERNELBASE.dll
0x00007ff9ee660000 - 0x00007ff9ee70e000 	C:\Windows\System32\ADVAPI32.dll
0x00007ff9ed700000 - 0x00007ff9ed79e000 	C:\Windows\System32\msvcrt.dll
0x00007ff9ed630000 - 0x00007ff9ed6cc000 	C:\Windows\System32\sechost.dll
0x00007ff9ed500000 - 0x00007ff9ed625000 	C:\Windows\System32\RPCRT4.dll
0x00007ff9eea40000 - 0x00007ff9eebe0000 	C:\Windows\System32\USER32.dll
0x00007ff9ed300000 - 0x00007ff9ed322000 	C:\Windows\System32\win32u.dll
0x00007ff9ed6d0000 - 0x00007ff9ed6fa000 	C:\Windows\System32\GDI32.dll
0x00007ff9ed1f0000 - 0x00007ff9ed2fb000 	C:\Windows\System32\gdi32full.dll
0x00007ff9ecd20000 - 0x00007ff9ecdbd000 	C:\Windows\System32\msvcp_win.dll
0x00007ff9ed330000 - 0x00007ff9ed430000 	C:\Windows\System32\ucrtbase.dll
0x00007ff9cda00000 - 0x00007ff9cdc9a000 	C:\Windows\WinSxS\amd64_microsoft.windows.common-controls_6595b64144ccf1df_6.0.19041.1110_none_60b5254171f9507e\COMCTL32.dll
0x00007ff9eda10000 - 0x00007ff9eda40000 	C:\Windows\System32\IMM32.DLL
0x000000006df70000 - 0x000000006e042000 	C:\Program Files\Java\jdk1.8.0_202\jre\bin\msvcr100.dll
0x000000006d550000 - 0x000000006ddf5000 	C:\Program Files\Java\jdk1.8.0_202\jre\bin\server\jvm.dll
0x00007ff9ee370000 - 0x00007ff9ee378000 	C:\Windows\System32\PSAPI.DLL
0x00007ff9d9680000 - 0x00007ff9d96a7000 	C:\Windows\SYSTEM32\WINMM.dll
0x00007ff9e6240000 - 0x00007ff9e624a000 	C:\Windows\SYSTEM32\VERSION.dll
0x00007ff9c9b50000 - 0x00007ff9c9b59000 	C:\Windows\SYSTEM32\WSOCK32.dll
0x00007ff9ee570000 - 0x00007ff9ee5db000 	C:\Windows\System32\ws2_32.DLL
0x00007ff9bc500000 - 0x00007ff9bc50f000 	C:\Program Files\Java\jdk1.8.0_202\jre\bin\verify.dll
0x00007ff9b9990000 - 0x00007ff9b99b9000 	C:\Program Files\Java\jdk1.8.0_202\jre\bin\java.dll
0x00007ff9e36c0000 - 0x00007ff9e36e3000 	C:\Program Files\Java\jdk1.8.0_202\jre\bin\instrument.dll
0x00007ff9b9fe0000 - 0x00007ff9b9ff6000 	C:\Program Files\Java\jdk1.8.0_202\jre\bin\zip.dll
0x00007ff9eec40000 - 0x00007ff9ef384000 	C:\Windows\System32\SHELL32.dll
0x00007ff9eab90000 - 0x00007ff9eb324000 	C:\Windows\SYSTEM32\windows.storage.dll
0x00007ff9edf20000 - 0x00007ff9ee274000 	C:\Windows\System32\combase.dll
0x00007ff9ec480000 - 0x00007ff9ec4b0000 	C:\Windows\SYSTEM32\Wldp.dll
0x00007ff9ed830000 - 0x00007ff9ed8dd000 	C:\Windows\System32\SHCORE.dll
0x00007ff9edeb0000 - 0x00007ff9edf05000 	C:\Windows\System32\shlwapi.dll
0x00007ff9eca30000 - 0x00007ff9eca4f000 	C:\Windows\SYSTEM32\profapi.dll
0x00007ff9e6f60000 - 0x00007ff9e6f7a000 	C:\Program Files\JetBrains\IntelliJ IDEA Community Edition 2022.2\bin\breakgen64.dll
0x00007ff9b9910000 - 0x00007ff9b992a000 	C:\Program Files\Java\jdk1.8.0_202\jre\bin\net.dll
0x00007ff9dabb0000 - 0x00007ff9dad9c000 	C:\Windows\SYSTEM32\urlmon.dll
0x00007ff9df1d0000 - 0x00007ff9df1f8000 	C:\Windows\SYSTEM32\srvcli.dll
0x00007ff9da8f0000 - 0x00007ff9daba1000 	C:\Windows\SYSTEM32\iertutil.dll
0x00007ff9ebfa0000 - 0x00007ff9ebfac000 	C:\Windows\SYSTEM32\netutils.dll
0x00007ff9ec180000 - 0x00007ff9ec1ea000 	C:\Windows\system32\mswsock.dll
0x00007ff9e6bb0000 - 0x00007ff9e6bbd000 	C:\Program Files\Java\jdk1.8.0_202\jre\bin\management.dll
0x00007ff9c69f0000 - 0x00007ff9c6a07000 	C:\Windows\system32\napinsp.dll
0x00007ff9c69d0000 - 0x00007ff9c69eb000 	C:\Windows\system32\pnrpnsp.dll
0x00007ff9e7010000 - 0x00007ff9e7025000 	C:\Windows\system32\wshbth.dll
0x00007ff9e8250000 - 0x00007ff9e826d000 	C:\Windows\system32\NLAapi.dll
0x00007ff9ebe90000 - 0x00007ff9ebecb000 	C:\Windows\SYSTEM32\IPHLPAPI.DLL
0x00007ff9ebed0000 - 0x00007ff9ebf9a000 	C:\Windows\SYSTEM32\DNSAPI.dll
0x00007ff9ee360000 - 0x00007ff9ee368000 	C:\Windows\System32\NSI.dll
0x00007ff9c67b0000 - 0x00007ff9c67c2000 	C:\Windows\System32\winrnr.dll
0x00007ff9e5150000 - 0x00007ff9e515a000 	C:\Windows\System32\rasadhlp.dll
0x00007ff9e2dd0000 - 0x00007ff9e2e50000 	C:\Windows\System32\fwpuclnt.dll
0x00007ff9ecc40000 - 0x00007ff9ecc67000 	C:\Windows\System32\bcrypt.dll
0x00007ff9b98b0000 - 0x00007ff9b98c2000 	C:\Program Files\Java\jdk1.8.0_202\jre\bin\nio.dll
0x00007ff9ec3f0000 - 0x00007ff9ec408000 	C:\Windows\SYSTEM32\CRYPTSP.dll
0x00007ff9ebb20000 - 0x00007ff9ebb54000 	C:\Windows\system32\rsaenh.dll
0x00007ff9ec9f0000 - 0x00007ff9eca1e000 	C:\Windows\SYSTEM32\USERENV.dll
0x00007ff9ecbb0000 - 0x00007ff9ecc32000 	C:\Windows\System32\bcryptprimitives.dll
0x00007ff9ec310000 - 0x00007ff9ec31c000 	C:\Windows\SYSTEM32\CRYPTBASE.dll
0x00007ff9e49a0000 - 0x00007ff9e49b7000 	C:\Windows\SYSTEM32\dhcpcsvc6.DLL
0x00007ff9e5550000 - 0x00007ff9e556d000 	C:\Windows\SYSTEM32\dhcpcsvc.DLL
0x00007ff9e3540000 - 0x00007ff9e3564000 	C:\Program Files\Java\jdk1.8.0_202\jre\bin\sunec.dll
0x00007ff9e6b20000 - 0x00007ff9e6b2b000 	C:\Program Files\Java\jdk1.8.0_202\jre\bin\sunmscapi.dll
0x00007ff9ecdc0000 - 0x00007ff9ecf16000 	C:\Windows\System32\CRYPT32.dll

VM Arguments:
jvm_args: -javaagent:C:\Program Files\JetBrains\IntelliJ IDEA Community Edition 2022.2\lib\idea_rt.jar=59559:C:\Program Files\JetBrains\IntelliJ IDEA Community Edition 2022.2\bin -Dfile.encoding=UTF-8 
java_command: com.assignment.GasStationProducer.GasStationProducerApplication
java_class_path (initial): C:\Program Files\Java\jdk1.8.0_202\jre\lib\charsets.jar;C:\Program Files\Java\jdk1.8.0_202\jre\lib\deploy.jar;C:\Program Files\Java\jdk1.8.0_202\jre\lib\ext\access-bridge-64.jar;C:\Program Files\Java\jdk1.8.0_202\jre\lib\ext\cldrdata.jar;C:\Program Files\Java\jdk1.8.0_202\jre\lib\ext\dnsns.jar;C:\Program Files\Java\jdk1.8.0_202\jre\lib\ext\jaccess.jar;C:\Program Files\Java\jdk1.8.0_202\jre\lib\ext\jfxrt.jar;C:\Program Files\Java\jdk1.8.0_202\jre\lib\ext\localedata.jar;C:\Program Files\Java\jdk1.8.0_202\jre\lib\ext\nashorn.jar;C:\Program Files\Java\jdk1.8.0_202\jre\lib\ext\sunec.jar;C:\Program Files\Java\jdk1.8.0_202\jre\lib\ext\sunjce_provider.jar;C:\Program Files\Java\jdk1.8.0_202\jre\lib\ext\sunmscapi.jar;C:\Program Files\Java\jdk1.8.0_202\jre\lib\ext\sunpkcs11.jar;C:\Program Files\Java\jdk1.8.0_202\jre\lib\ext\zipfs.jar;C:\Program Files\Java\jdk1.8.0_202\jre\lib\javaws.jar;C:\Program Files\Java\jdk1.8.0_202\jre\lib\jce.jar;C:\Program Files\Java\jdk1.8.0_202\jre\lib\jfr.jar;C:\Program Files\Java\jdk1.8.0_202\jre\lib\jfxswt.jar;C:\Program Files\Java\jdk1.8.0_202\jre\lib\jsse.jar;C:\Program Files\Java\jdk1.8.0_202\jre\lib\management-agent.jar;C:\Program Files\Java\jdk1.8.0_202\jre\lib\plugin.jar;C:\Program Files\Java\jdk1.8.0_202\jre\lib\resources.jar;C:\Program Files\Java\jdk1.8.0_202\jre\lib\rt.jar;D:\Virtusa\kafkaProject\Gas-Station\GasStationProducer\target\classes;C:\Users\bhagy\.m2\repository\org\springframework\boot\spring-boot-starter-data-jpa\2.7.3\spring-boot-starter-data-jpa-2.7.3.jar;C:\Users\bhagy\.m2\repository\org\springframework\boot\spring-boot-starter-aop\2.7.3\spring-boot-starter-aop-2.7.3.jar;C:\Users\bhagy\.m2\repository\org\springframework\spring-aop\5.3.22\spring-aop-5.3.22.jar;C:\Users\bhagy\.m2\repository\org\aspectj\aspectjweaver\1.9.7\aspectjweaver-1.9.7.jar;C:\Users\bhagy\.m2\repository\org\springframework\boot\spring-boot-starter-jdbc\2.7.3\spring-boot-starter-jdbc-2.7.3.jar;C:\Users\bhagy\.m2\repository\com\
Launcher Type: SUN_STANDARD

Environment Variables:
CLASSPATH=C:\Program Files\Java\jdk1.8.0_202\lib
PATH=C:\Python310\Scripts\;C:\Python310\;C:\Program Files (x86)\Common Files\Oracle\Java\javapath;C:\Program Files\Microsoft MPI\Bin\;C:\Windows\system32;C:\Windows;C:\Windows\System32\Wbem;C:\Windows\System32\WindowsPowerShell\v1.0\;C:\Windows\System32\OpenSSH\;C:\Program Files\dotnet\;C:\Program Files\Microsoft SQL Server\Client SDK\ODBC\170\Tools\Binn\;C:\Program Files (x86)\Microsoft SQL Server\150\Tools\Binn\;C:\Program Files\Microsoft SQL Server\150\Tools\Binn\;C:\Program Files\Microsoft SQL Server\150\DTS\Binn\;C:\Program Files (x86)\Microsoft SQL Server\150\DTS\Binn\;C:\Program Files\Azure Data Studio\bin;C:\Program Files\Microsoft SQL Server\130\Tools\Binn\;C:\Program Files (x86)\dotnet\;C:\Program Files\nodejs\;C:\ProgramData\chocolatey\bin;C:\Program Files\Docker\Docker\resources\bin;C:\ProgramData\DockerDesktop\version-bin;C:\Program Files\apache-maven-3.8.6\bin;C:\Program Files\MySQL\MySQL Shell 8.0\bin\;C:\Program Files\Java\jdk1.8.0_202\bin;C:\Users\bhagy\AppData\Roaming\npm;C:\Users\bhagy\AppData\Local\Programs\Microsoft VS Code\bin;C:\Program Files\JetBrains\IntelliJ IDEA Community Edition 2022.2\bin;
USERNAME=bhagy
OS=Windows_NT
PROCESSOR_IDENTIFIER=Intel64 Family 6 Model 142 Stepping 10, GenuineIntel



---------------  S Y S T E M  ---------------

OS: Windows 10.0 , 64 bit Build 19041 (10.0.19041.1889)

CPU:total 8 (initial active 8) (4 cores per cpu, 2 threads per core) family 6 model 142 stepping 10, cmov, cx8, fxsr, mmx, sse, sse2, sse3, ssse3, sse4.1, sse4.2, popcnt, avx, avx2, aes, clmul, erms, 3dnowpref, lzcnt, ht, tsc, tscinvbit, bmi1, bmi2, adx

Memory: 4k page, physical 8297572k(537464k free), swap 20880484k(192k free)

vm_info: Java HotSpot(TM) 64-Bit Server VM (25.202-b08) for windows-amd64 JRE (1.8.0_202-b08), built on Dec 15 2018 19:54:30 by "java_re" with MS VC++ 10.0 (VS2010)

time: Mon Sep 05 21:44:29 2022
timezone: Sri Lanka Standard Time
elapsed time: 8 seconds (0d 0h 0m 8s)

