#
# There is insufficient memory for the Java Runtime Environment to continue.
# Native memory allocation (malloc) failed to allocate 1391456 bytes for Chunk::new
# Possible reasons:
#   The system is out of physical RAM or swap space
#   The process is running with CompressedOops enabled, and the Java Heap may be blocking the growth of the native heap
# Possible solutions:
#   Reduce memory load on the system
#   Increase physical memory or swap space
#   Check if swap backing store is full
#   Decrease Java heap size (-Xmx/-Xms)
#   Decrease number of Java threads
#   Decrease Java thread stack sizes (-Xss)
#   Set larger code cache with -XX:ReservedCodeCacheSize=
#   JVM is running with Unscaled Compressed Oops mode in which the Java heap is
#     placed in the first 4GB address space. The Java Heap base address is the
#     maximum limit for the native heap growth. Please use -XX:HeapBaseMinAddress
#     to set the Java Heap base and to place the Java Heap above 4GB virtual address.
# This output file may be truncated or incomplete.
#
#  Out of Memory Error (allocation.cpp:389), pid=15924, tid=0x000000000000399c
#
# JRE version: Java(TM) SE Runtime Environment (8.0_202-b08) (build 1.8.0_202-b08)
# Java VM: Java HotSpot(TM) 64-Bit Server VM (25.202-b08 mixed mode windows-amd64 compressed oops)
# Failed to write core dump. Minidumps are not enabled by default on client versions of Windows
#

---------------  T H R E A D  ---------------

Current thread (0x0000000019bfa800):  JavaThread "C2 CompilerThread0" daemon [_thread_in_native, id=14748, stack(0x000000001aa40000,0x000000001ab40000)]

Stack: [0x000000001aa40000,0x000000001ab40000]
[error occurred during error reporting (printing stack bounds), id 0xc0000005]

Native frames: (J=compiled Java code, j=interpreted, Vv=VM code, C=native code)


Current CompileTask:
C2:   2858 2365       4       java.net.URLClassLoader$1::run (5 bytes)


---------------  P R O C E S S  ---------------

Java Threads: ( => current thread )
  0x0000000019c3d800 JavaThread "Service Thread" daemon [_thread_blocked, id=18436, stack(0x000000001ae40000,0x000000001af40000)]
  0x0000000019c0c000 JavaThread "C1 CompilerThread3" daemon [_thread_in_vm, id=25384, stack(0x000000001ad40000,0x000000001ae40000)]
  0x0000000019bfb800 JavaThread "C2 CompilerThread2" daemon [_thread_blocked, id=29780, stack(0x000000001ac40000,0x000000001ad40000)]
  0x0000000019b58800 JavaThread "C2 CompilerThread1" daemon [_thread_in_native, id=12164, stack(0x000000001ab40000,0x000000001ac40000)]
=>0x0000000019bfa800 JavaThread "C2 CompilerThread0" daemon [_thread_in_native, id=14748, stack(0x000000001aa40000,0x000000001ab40000)]
  0x000000001a182800 JavaThread "Monitor Ctrl-Break" daemon [_thread_in_native, id=28720, stack(0x000000001a940000,0x000000001aa40000)]
  0x0000000019879800 JavaThread "Attach Listener" daemon [_thread_blocked, id=6716, stack(0x000000001a040000,0x000000001a140000)]
  0x0000000019878000 JavaThread "Signal Dispatcher" daemon [_thread_blocked, id=4576, stack(0x0000000019f40000,0x000000001a040000)]
  0x0000000002abc000 JavaThread "Finalizer" daemon [_thread_blocked, id=15764, stack(0x0000000019d40000,0x0000000019e40000)]
  0x0000000019860800 JavaThread "Reference Handler" daemon [_thread_blocked, id=22488, stack(0x0000000019c40000,0x0000000019d40000)]
  0x00000000029c6800 JavaThread "main" [_thread_in_vm, id=26892, stack(0x00000000027c0000,0x00000000028c0000)]

Other Threads:
  0x0000000017a69800 VMThread [stack: 0x0000000019740000,0x0000000019840000] [id=14204]
  0x000000001a2e1000 WatcherThread [stack: 0x000000001af40000,0x000000001b040000] [id=29648]

VM state:not at safepoint (normal execution)

VM Mutex/Monitor currently owned by a thread: None

heap address: 0x0000000081600000, size: 2026 MB, Compressed Oops mode: 32-bit
Narrow klass base: 0x0000000000000000, Narrow klass shift: 3
Compressed class space size: 1073741824 Address: 0x0000000100000000

Heap:
 PSYoungGen      total 38400K, used 34975K [0x00000000d5d00000, 0x00000000d8780000, 0x0000000100000000)
  eden space 33280K, 94% used [0x00000000d5d00000,0x00000000d7bcaac0,0x00000000d7d80000)
  from space 5120K, 67% used [0x00000000d7d80000,0x00000000d80dd3a8,0x00000000d8280000)
  to   space 5120K, 0% used [0x00000000d8280000,0x00000000d8280000,0x00000000d8780000)
 ParOldGen       total 51712K, used 6130K [0x0000000081600000, 0x0000000084880000, 0x00000000d5d00000)
  object space 51712K, 11% used [0x0000000081600000,0x0000000081bfc990,0x0000000084880000)
 Metaspace       used 24522K, capacity 25814K, committed 25984K, reserved 1071104K
  class space    used 3102K, capacity 3363K, committed 3456K, reserved 1048576K

Card table byte_map: [0x0000000011e80000,0x0000000012280000] byte_map_base: 0x0000000011a75000

Marking Bits: (ParMarkBitMap*) 0x000000006dd75ce0
 Begin Bits: [0x0000000012d30000, 0x0000000014cd8000)
 End Bits:   [0x0000000014cd8000, 0x0000000016c80000)

Polling page: 0x0000000000aa0000

CodeCache: size=245760Kb used=8205Kb max_used=8205Kb free=237554Kb
 bounds [0x0000000002ac0000, 0x00000000032d0000, 0x0000000011ac0000]
 total_blobs=2787 nmethods=2412 adapters=287
 compilation: enabled

Compilation events (10 events):
Event: 2.842 Thread 0x0000000019c0c000 nmethod 2405 0x00000000032c1d50 code [0x00000000032c1ee0, 0x00000000032c2308]
Event: 2.845 Thread 0x0000000019b58800 nmethod 2404 0x00000000032c5510 code [0x00000000032c5660, 0x00000000032c5ad8]
Event: 2.845 Thread 0x0000000019b58800 2409       4       org.springframework.beans.factory.support.AbstractAutowireCapableBeanFactory::predictBeanType (126 bytes)
Event: 2.850 Thread 0x0000000019c0c000 2411       1       org.springframework.boot.context.properties.source.ConfigurationPropertyName$Elements::getSource (5 bytes)
Event: 2.850 Thread 0x0000000019c0c000 nmethod 2411 0x00000000032c4e90 code [0x00000000032c4fe0, 0x00000000032c50f0]
Event: 2.851 Thread 0x0000000019bfb800 nmethod 2408 0x00000000032c2690 code [0x00000000032c28c0, 0x00000000032c3250]
Event: 2.851 Thread 0x0000000019bfb800 2412       4       org.springframework.core.ResolvableType::forType (115 bytes)
Event: 2.853 Thread 0x0000000019c0c000 2413       3       org.springframework.beans.factory.support.AbstractBeanFactory::isFactoryBean (60 bytes)
Event: 2.854 Thread 0x0000000019c0c000 nmethod 2413 0x00000000032c4410 code [0x00000000032c45c0, 0x00000000032c4cb8]
Event: 2.855 Thread 0x0000000019c0c000 2414   !   3       org.springframework.util.ReflectionUtils::doWithMethods (207 bytes)

GC Heap History (10 events):
Event: 1.784 GC heap before
{Heap before GC invocations=4 (full 0):
 PSYoungGen      total 38400K, used 38398K [0x00000000d5d00000, 0x00000000d8780000, 0x0000000100000000)
  eden space 33280K, 100% used [0x00000000d5d00000,0x00000000d7d80000,0x00000000d7d80000)
  from space 5120K, 99% used [0x00000000d7d80000,0x00000000d827f820,0x00000000d8280000)
  to   space 5120K, 0% used [0x00000000d8280000,0x00000000d8280000,0x00000000d8780000)
 ParOldGen       total 87552K, used 2942K [0x0000000081600000, 0x0000000086b80000, 0x00000000d5d00000)
  object space 87552K, 3% used [0x0000000081600000,0x00000000818df990,0x0000000086b80000)
 Metaspace       used 19336K, capacity 20164K, committed 20352K, reserved 1067008K
  class space    used 2417K, capacity 2588K, committed 2688K, reserved 1048576K
Event: 1.789 GC heap after
Heap after GC invocations=4 (full 0):
 PSYoungGen      total 38400K, used 5107K [0x00000000d5d00000, 0x00000000d8780000, 0x0000000100000000)
  eden space 33280K, 0% used [0x00000000d5d00000,0x00000000d5d00000,0x00000000d7d80000)
  from space 5120K, 99% used [0x00000000d8280000,0x00000000d877cd88,0x00000000d8780000)
  to   space 5120K, 0% used [0x00000000d7d80000,0x00000000d7d80000,0x00000000d8280000)
 ParOldGen       total 87552K, used 4527K [0x0000000081600000, 0x0000000086b80000, 0x00000000d5d00000)
  object space 87552K, 5% used [0x0000000081600000,0x0000000081a6bca0,0x0000000086b80000)
 Metaspace       used 19336K, capacity 20164K, committed 20352K, reserved 1067008K
  class space    used 2417K, capacity 2588K, committed 2688K, reserved 1048576K
}
Event: 1.828 GC heap before
{Heap before GC invocations=5 (full 0):
 PSYoungGen      total 38400K, used 38387K [0x00000000d5d00000, 0x00000000d8780000, 0x0000000100000000)
  eden space 33280K, 100% used [0x00000000d5d00000,0x00000000d7d80000,0x00000000d7d80000)
  from space 5120K, 99% used [0x00000000d8280000,0x00000000d877cd88,0x00000000d8780000)
  to   space 5120K, 0% used [0x00000000d7d80000,0x00000000d7d80000,0x00000000d8280000)
 ParOldGen       total 87552K, used 4527K [0x0000000081600000, 0x0000000086b80000, 0x00000000d5d00000)
  object space 87552K, 5% used [0x0000000081600000,0x0000000081a6bca0,0x0000000086b80000)
 Metaspace       used 19749K, capacity 20580K, committed 20864K, reserved 1067008K
  class space    used 2453K, capacity 2620K, committed 2688K, reserved 1048576K
Event: 1.832 GC heap after
Heap after GC invocations=5 (full 0):
 PSYoungGen      total 38400K, used 5092K [0x00000000d5d00000, 0x00000000d8780000, 0x0000000100000000)
  eden space 33280K, 0% used [0x00000000d5d00000,0x00000000d5d00000,0x00000000d7d80000)
  from space 5120K, 99% used [0x00000000d7d80000,0x00000000d82791f8,0x00000000d8280000)
  to   space 5120K, 0% used [0x00000000d8280000,0x00000000d8280000,0x00000000d8780000)
 ParOldGen       total 87552K, used 4581K [0x0000000081600000, 0x0000000086b80000, 0x00000000d5d00000)
  object space 87552K, 5% used [0x0000000081600000,0x0000000081a79508,0x0000000086b80000)
 Metaspace       used 19749K, capacity 20580K, committed 20864K, reserved 1067008K
  class space    used 2453K, capacity 2620K, committed 2688K, reserved 1048576K
}
Event: 1.978 GC heap before
{Heap before GC invocations=6 (full 0):
 PSYoungGen      total 38400K, used 17724K [0x00000000d5d00000, 0x00000000d8780000, 0x0000000100000000)
  eden space 33280K, 37% used [0x00000000d5d00000,0x00000000d6956140,0x00000000d7d80000)
  from space 5120K, 99% used [0x00000000d7d80000,0x00000000d82791f8,0x00000000d8280000)
  to   space 5120K, 0% used [0x00000000d8280000,0x00000000d8280000,0x00000000d8780000)
 ParOldGen       total 87552K, used 4581K [0x0000000081600000, 0x0000000086b80000, 0x00000000d5d00000)
  object space 87552K, 5% used [0x0000000081600000,0x0000000081a79508,0x0000000086b80000)
 Metaspace       used 20258K, capacity 21124K, committed 21248K, reserved 1067008K
  class space    used 2524K, capacity 2748K, committed 2816K, reserved 1048576K
Event: 1.984 GC heap after
Heap after GC invocations=6 (full 0):
 PSYoungGen      total 38400K, used 5104K [0x00000000d5d00000, 0x00000000d8780000, 0x0000000100000000)
  eden space 33280K, 0% used [0x00000000d5d00000,0x00000000d5d00000,0x00000000d7d80000)
  from space 5120K, 99% used [0x00000000d8280000,0x00000000d877c268,0x00000000d8780000)
  to   space 5120K, 0% used [0x00000000d7d80000,0x00000000d7d80000,0x00000000d8280000)
 ParOldGen       total 87552K, used 5673K [0x0000000081600000, 0x0000000086b80000, 0x00000000d5d00000)
  object space 87552K, 6% used [0x0000000081600000,0x0000000081b8a5b8,0x0000000086b80000)
 Metaspace       used 20258K, capacity 21124K, committed 21248K, reserved 1067008K
  class space    used 2524K, capacity 2748K, committed 2816K, reserved 1048576K
}
Event: 1.984 GC heap before
{Heap before GC invocations=7 (full 1):
 PSYoungGen      total 38400K, used 5104K [0x00000000d5d00000, 0x00000000d8780000, 0x0000000100000000)
  eden space 33280K, 0% used [0x00000000d5d00000,0x00000000d5d00000,0x00000000d7d80000)
  from space 5120K, 99% used [0x00000000d8280000,0x00000000d877c268,0x00000000d8780000)
  to   space 5120K, 0% used [0x00000000d7d80000,0x00000000d7d80000,0x00000000d8280000)
 ParOldGen       total 87552K, used 5673K [0x0000000081600000, 0x0000000086b80000, 0x00000000d5d00000)
  object space 87552K, 6% used [0x0000000081600000,0x0000000081b8a5b8,0x0000000086b80000)
 Metaspace       used 20258K, capacity 21124K, committed 21248K, reserved 1067008K
  class space    used 2524K, capacity 2748K, committed 2816K, reserved 1048576K
Event: 2.010 GC heap after
Heap after GC invocations=7 (full 1):
 PSYoungGen      total 38400K, used 0K [0x00000000d5d00000, 0x00000000d8780000, 0x0000000100000000)
  eden space 33280K, 0% used [0x00000000d5d00000,0x00000000d5d00000,0x00000000d7d80000)
  from space 5120K, 0% used [0x00000000d8280000,0x00000000d8280000,0x00000000d8780000)
  to   space 5120K, 0% used [0x00000000d7d80000,0x00000000d7d80000,0x00000000d8280000)
 ParOldGen       total 51712K, used 6122K [0x0000000081600000, 0x0000000084880000, 0x00000000d5d00000)
  object space 51712K, 11% used [0x0000000081600000,0x0000000081bfa990,0x0000000084880000)
 Metaspace       used 20258K, capacity 21124K, committed 21248K, reserved 1067008K
  class space    used 2524K, capacity 2748K, committed 2816K, reserved 1048576K
}
Event: 2.483 GC heap before
{Heap before GC invocations=8 (full 1):
 PSYoungGen      total 38400K, used 33280K [0x00000000d5d00000, 0x00000000d8780000, 0x0000000100000000)
  eden space 33280K, 100% used [0x00000000d5d00000,0x00000000d7d80000,0x00000000d7d80000)
  from space 5120K, 0% used [0x00000000d8280000,0x00000000d8280000,0x00000000d8780000)
  to   space 5120K, 0% used [0x00000000d7d80000,0x00000000d7d80000,0x00000000d8280000)
 ParOldGen       total 51712K, used 6122K [0x0000000081600000, 0x0000000084880000, 0x00000000d5d00000)
  object space 51712K, 11% used [0x0000000081600000,0x0000000081bfa990,0x0000000084880000)
 Metaspace       used 22028K, capacity 23102K, committed 23296K, reserved 1069056K
  class space    used 2759K, capacity 3001K, committed 3072K, reserved 1048576K
Event: 2.485 GC heap after
Heap after GC invocations=8 (full 1):
 PSYoungGen      total 38400K, used 3444K [0x00000000d5d00000, 0x00000000d8780000, 0x0000000100000000)
  eden space 33280K, 0% used [0x00000000d5d00000,0x00000000d5d00000,0x00000000d7d80000)
  from space 5120K, 67% used [0x00000000d7d80000,0x00000000d80dd3a8,0x00000000d8280000)
  to   space 5120K, 0% used [0x00000000d8280000,0x00000000d8280000,0x00000000d8780000)
 ParOldGen       total 51712K, used 6130K [0x0000000081600000, 0x0000000084880000, 0x00000000d5d00000)
  object space 51712K, 11% used [0x0000000081600000,0x0000000081bfc990,0x0000000084880000)
 Metaspace       used 22028K, capacity 23102K, committed 23296K, reserved 1069056K
  class space    used 2759K, capacity 3001K, committed 3072K, reserved 1048576K
}

Deoptimization events (10 events):
Event: 2.305 Thread 0x00000000029c6800 Uncommon trap: reason=array_check action=maybe_recompile pc=0x0000000003156240 method=java.util.AbstractCollection.toArray([Ljava/lang/Object;)[Ljava/lang/Object; @ 119
Event: 2.305 Thread 0x00000000029c6800 Uncommon trap: reason=array_check action=maybe_recompile pc=0x0000000003156240 method=java.util.AbstractCollection.toArray([Ljava/lang/Object;)[Ljava/lang/Object; @ 119
Event: 2.305 Thread 0x00000000029c6800 Uncommon trap: reason=array_check action=maybe_recompile pc=0x0000000003156240 method=java.util.AbstractCollection.toArray([Ljava/lang/Object;)[Ljava/lang/Object; @ 119
Event: 2.383 Thread 0x00000000029c6800 Uncommon trap: reason=unstable_if action=reinterpret pc=0x0000000003016b78 method=java.util.Arrays.equals([Ljava/lang/Object;[Ljava/lang/Object;)Z @ 65
Event: 2.500 Thread 0x00000000029c6800 Uncommon trap: reason=unstable_if action=reinterpret pc=0x00000000031e30b0 method=org.springframework.beans.factory.support.AbstractBeanFactory.isFactoryBean(Ljava/lang/String;Lorg/springframework/beans/factory/support/RootBeanDefinition;)Z @ 38
Event: 2.557 Thread 0x00000000029c6800 Uncommon trap: reason=unstable_if action=reinterpret pc=0x00000000031c6c30 method=org.springframework.beans.factory.support.AbstractBeanFactory.getMergedLocalBeanDefinition(Ljava/lang/String;)Lorg/springframework/beans/factory/support/RootBeanDefinition; 
Event: 2.577 Thread 0x00000000029c6800 Uncommon trap: reason=class_check action=maybe_recompile pc=0x00000000030fcd44 method=org.springframework.util.ConcurrentReferenceHashMap$Segment.findInChain(Lorg/springframework/util/ConcurrentReferenceHashMap$Reference;Ljava/lang/Object;I)Lorg/springfra
Event: 2.591 Thread 0x00000000029c6800 Uncommon trap: reason=class_check action=maybe_recompile pc=0x00000000030fcd44 method=org.springframework.util.ConcurrentReferenceHashMap$Segment.findInChain(Lorg/springframework/util/ConcurrentReferenceHashMap$Reference;Ljava/lang/Object;I)Lorg/springfra
Event: 2.744 Thread 0x00000000029c6800 Uncommon trap: reason=unstable_if action=reinterpret pc=0x0000000003223044 method=org.springframework.beans.factory.support.AbstractBeanFactory.isTypeMatch(Ljava/lang/String;Lorg/springframework/core/ResolvableType;Z)Z @ 99
Event: 2.852 Thread 0x00000000029c6800 Uncommon trap: reason=unstable_if action=reinterpret pc=0x0000000003258f44 method=org.springframework.beans.factory.support.AbstractBeanFactory.hasInstantiationAwareBeanPostProcessors()Z @ 12

Classes redefined (0 events):
No events

Internal exceptions (10 events):
Event: 1.428 Thread 0x00000000029c6800 Exception <a 'java/lang/ClassNotFoundException': org/springframework/context/EnvironmentAwareCustomizer> (0x00000000d65eb580) thrown at [C:\re\workspace\8-2-build-windows-amd64-cygwin\jdk8u202\12323\hotspot\src\share\vm\classfile\systemDictionary.cpp, lin
Event: 1.429 Thread 0x00000000029c6800 Exception <a 'java/lang/ClassNotFoundException': org/springframework/beans/factory/AwareCustomizer> (0x00000000d65ff5c8) thrown at [C:\re\workspace\8-2-build-windows-amd64-cygwin\jdk8u202\12323\hotspot\src\share\vm\classfile\systemDictionary.cpp, line 210
Event: 1.451 Thread 0x000000001b59a000 Exception <a 'java/lang/IncompatibleClassChangeError': Found class java.lang.Object, but interface was expected> (0x00000000d6b42e48) thrown at [C:\re\workspace\8-2-build-windows-amd64-cygwin\jdk8u202\12323\hotspot\src\share\vm\interpreter\linkResolver.cp
Event: 1.705 Thread 0x00000000029c6800 Exception <a 'java/lang/NoSuchMethodError': java.lang.Object.lambda$or$2(Ljava/util/function/Predicate;Ljava/lang/Object;)Z> (0x00000000d6f919d0) thrown at [C:\re\workspace\8-2-build-windows-amd64-cygwin\jdk8u202\12323\hotspot\src\share\vm\interpreter\lin
Event: 1.841 Thread 0x00000000029c6800 Exception <a 'java/lang/IncompatibleClassChangeError': Found class java.lang.Object, but interface was expected> (0x00000000d5e3bb10) thrown at [C:\re\workspace\8-2-build-windows-amd64-cygwin\jdk8u202\12323\hotspot\src\share\vm\interpreter\linkResolver.cp
Event: 1.879 Thread 0x00000000029c6800 Exception <a 'java/lang/NoSuchMethodError': java.lang.Object.lambda$getAllAnnotationAttributes$0(Lorg/springframework/util/MultiValueMap;)Lorg/springframework/util/MultiValueMap;> (0x00000000d6063908) thrown at [C:\re\workspace\8-2-build-windows-amd64-cyg
Event: 1.881 Thread 0x00000000029c6800 Exception <a 'java/lang/NoSuchMethodError': java.lang.Object.lambda$identity$2(Ljava/lang/Object;)Ljava/lang/Object;> (0x00000000d607c230) thrown at [C:\re\workspace\8-2-build-windows-amd64-cygwin\jdk8u202\12323\hotspot\src\share\vm\interpreter\linkResolv
Event: 2.541 Thread 0x00000000029c6800 Exception <a 'java/lang/NoSuchMethodError': java.lang.Object.lambda$getRequiredAttribute$0(Ljava/lang/String;)Ljava/lang/IllegalArgumentException;> (0x00000000d6153c70) thrown at [C:\re\workspace\8-2-build-windows-amd64-cygwin\jdk8u202\12323\hotspot\src\s
Event: 2.849 Thread 0x00000000029c6800 Exception <a 'java/lang/NoClassDefFoundError': org/flywaydb/core/Flyway> (0x00000000d7ad5638) thrown at [C:\re\workspace\8-2-build-windows-amd64-cygwin\jdk8u202\12323\hotspot\src\share\vm\classfile\systemDictionary.cpp, line 199]
Event: 2.850 Thread 0x00000000029c6800 Exception <a 'java/lang/NoClassDefFoundError': liquibase/integration/spring/SpringLiquibase> (0x00000000d7adde60) thrown at [C:\re\workspace\8-2-build-windows-amd64-cygwin\jdk8u202\12323\hotspot\src\share\vm\classfile\systemDictionary.cpp, line 199]

Events (10 events):
Event: 2.852 loading class sun/reflect/generics/tree/BooleanSignature done
Event: 2.852 Thread 0x00000000029c6800 Uncommon trap: trap_request=0xffffff65 fr.pc=0x0000000003258f44
Event: 2.852 Thread 0x00000000029c6800 DEOPT PACKING pc=0x0000000003258f44 sp=0x00000000028bec80
Event: 2.852 Thread 0x00000000029c6800 DEOPT UNPACKING pc=0x0000000002b0583b sp=0x00000000028beb40 mode 2
Event: 2.853 loading class org/springframework/boot/autoconfigure/flyway/FlywayMigrationInitializer
Event: 2.853 loading class org/springframework/boot/autoconfigure/flyway/FlywayMigrationInitializer done
Event: 2.854 loading class org/springframework/boot/jdbc/AbstractDataSourceInitializer
Event: 2.854 loading class org/springframework/boot/jdbc/AbstractDataSourceInitializer done
Event: 2.855 loading class org/springframework/boot/sql/init/dependency/DatabaseInitializerDetector
Event: 2.855 loading class org/springframework/boot/sql/init/dependency/DatabaseInitializerDetector done


Dynamic libraries:
0x00007ff636920000 - 0x00007ff636957000 	C:\Program Files\Java\jdk1.8.0_202\bin\java.exe
0x00007ff9ef3d0000 - 0x00007ff9ef5c8000 	C:\Windows\SYSTEM32\ntdll.dll
0x00007ff9ee4b0000 - 0x00007ff9ee56d000 	C:\Windows\System32\KERNEL32.DLL
0x00007ff9ecf20000 - 0x00007ff9ed1ee000 	C:\Windows\System32\KERNELBASE.dll
0x00007ff9ee660000 - 0x00007ff9ee70e000 	C:\Windows\System32\ADVAPI32.dll
0x00007ff9ed700000 - 0x00007ff9ed79e000 	C:\Windows\System32\msvcrt.dll
0x00007ff9ed630000 - 0x00007ff9ed6cc000 	C:\Windows\System32\sechost.dll
0x00007ff9ed500000 - 0x00007ff9ed625000 	C:\Windows\System32\RPCRT4.dll
0x00007ff9eea40000 - 0x00007ff9eebe0000 	C:\Windows\System32\USER32.dll
0x00007ff9ed300000 - 0x00007ff9ed322000 	C:\Windows\System32\win32u.dll
0x00007ff9ed6d0000 - 0x00007ff9ed6fa000 	C:\Windows\System32\GDI32.dll
0x00007ff9ed1f0000 - 0x00007ff9ed2fb000 	C:\Windows\System32\gdi32full.dll
0x00007ff9ecd20000 - 0x00007ff9ecdbd000 	C:\Windows\System32\msvcp_win.dll
0x00007ff9ed330000 - 0x00007ff9ed430000 	C:\Windows\System32\ucrtbase.dll
0x00007ff9cda00000 - 0x00007ff9cdc9a000 	C:\Windows\WinSxS\amd64_microsoft.windows.common-controls_6595b64144ccf1df_6.0.19041.1110_none_60b5254171f9507e\COMCTL32.dll
0x00007ff9eda10000 - 0x00007ff9eda40000 	C:\Windows\System32\IMM32.DLL
0x000000006df70000 - 0x000000006e042000 	C:\Program Files\Java\jdk1.8.0_202\jre\bin\msvcr100.dll
0x000000006d550000 - 0x000000006ddf5000 	C:\Program Files\Java\jdk1.8.0_202\jre\bin\server\jvm.dll
0x00007ff9ee370000 - 0x00007ff9ee378000 	C:\Windows\System32\PSAPI.DLL
0x00007ff9d9680000 - 0x00007ff9d96a7000 	C:\Windows\SYSTEM32\WINMM.dll
0x00007ff9e6240000 - 0x00007ff9e624a000 	C:\Windows\SYSTEM32\VERSION.dll
0x00007ff9c9b50000 - 0x00007ff9c9b59000 	C:\Windows\SYSTEM32\WSOCK32.dll
0x00007ff9ee570000 - 0x00007ff9ee5db000 	C:\Windows\System32\WS2_32.dll
0x00007ff9bc500000 - 0x00007ff9bc50f000 	C:\Program Files\Java\jdk1.8.0_202\jre\bin\verify.dll
0x00007ff9b9990000 - 0x00007ff9b99b9000 	C:\Program Files\Java\jdk1.8.0_202\jre\bin\java.dll
0x00007ff9e36c0000 - 0x00007ff9e36e3000 	C:\Program Files\Java\jdk1.8.0_202\jre\bin\instrument.dll
0x00007ff9b9fe0000 - 0x00007ff9b9ff6000 	C:\Program Files\Java\jdk1.8.0_202\jre\bin\zip.dll
0x00007ff9eec40000 - 0x00007ff9ef384000 	C:\Windows\System32\SHELL32.dll
0x00007ff9eab90000 - 0x00007ff9eb324000 	C:\Windows\SYSTEM32\windows.storage.dll
0x00007ff9edf20000 - 0x00007ff9ee274000 	C:\Windows\System32\combase.dll
0x00007ff9ec480000 - 0x00007ff9ec4b0000 	C:\Windows\SYSTEM32\Wldp.dll
0x00007ff9ed830000 - 0x00007ff9ed8dd000 	C:\Windows\System32\SHCORE.dll
0x00007ff9edeb0000 - 0x00007ff9edf05000 	C:\Windows\System32\shlwapi.dll
0x00007ff9eca30000 - 0x00007ff9eca4f000 	C:\Windows\SYSTEM32\profapi.dll
0x00007ff9e6f60000 - 0x00007ff9e6f7a000 	C:\Program Files\JetBrains\IntelliJ IDEA Community Edition 2022.2\bin\breakgen64.dll
0x00007ff9b9910000 - 0x00007ff9b992a000 	C:\Program Files\Java\jdk1.8.0_202\jre\bin\net.dll
0x00007ff9dabb0000 - 0x00007ff9dad9c000 	C:\Windows\SYSTEM32\urlmon.dll
0x00007ff9da8f0000 - 0x00007ff9daba1000 	C:\Windows\SYSTEM32\iertutil.dll
0x00007ff9ebfa0000 - 0x00007ff9ebfac000 	C:\Windows\SYSTEM32\netutils.dll
0x00007ff9df1d0000 - 0x00007ff9df1f8000 	C:\Windows\SYSTEM32\srvcli.dll
0x00007ff9ec180000 - 0x00007ff9ec1ea000 	C:\Windows\system32\mswsock.dll
0x00007ff9e6bb0000 - 0x00007ff9e6bbd000 	C:\Program Files\Java\jdk1.8.0_202\jre\bin\management.dll
0x00007ff9c69f0000 - 0x00007ff9c6a07000 	C:\Windows\system32\napinsp.dll
0x00007ff9c69d0000 - 0x00007ff9c69eb000 	C:\Windows\system32\pnrpnsp.dll
0x00007ff9e7010000 - 0x00007ff9e7025000 	C:\Windows\system32\wshbth.dll
0x00007ff9e8250000 - 0x00007ff9e826d000 	C:\Windows\system32\NLAapi.dll
0x00007ff9ebe90000 - 0x00007ff9ebecb000 	C:\Windows\SYSTEM32\IPHLPAPI.DLL
0x00007ff9ebed0000 - 0x00007ff9ebf9a000 	C:\Windows\SYSTEM32\DNSAPI.dll
0x00007ff9ee360000 - 0x00007ff9ee368000 	C:\Windows\System32\NSI.dll
0x00007ff9c67b0000 - 0x00007ff9c67c2000 	C:\Windows\System32\winrnr.dll
0x00007ff9e5150000 - 0x00007ff9e515a000 	C:\Windows\System32\rasadhlp.dll
0x00007ff9e2dd0000 - 0x00007ff9e2e50000 	C:\Windows\System32\fwpuclnt.dll
0x00007ff9ecc40000 - 0x00007ff9ecc67000 	C:\Windows\System32\bcrypt.dll
0x00007ff9b98b0000 - 0x00007ff9b98c2000 	C:\Program Files\Java\jdk1.8.0_202\jre\bin\nio.dll

VM Arguments:
jvm_args: -javaagent:C:\Program Files\JetBrains\IntelliJ IDEA Community Edition 2022.2\lib\idea_rt.jar=59480:C:\Program Files\JetBrains\IntelliJ IDEA Community Edition 2022.2\bin -Dfile.encoding=UTF-8 
java_command: com.assignment.GasStationConsumer.GasStationConsumerApplication
java_class_path (initial): C:\Program Files\Java\jdk1.8.0_202\jre\lib\charsets.jar;C:\Program Files\Java\jdk1.8.0_202\jre\lib\deploy.jar;C:\Program Files\Java\jdk1.8.0_202\jre\lib\ext\access-bridge-64.jar;C:\Program Files\Java\jdk1.8.0_202\jre\lib\ext\cldrdata.jar;C:\Program Files\Java\jdk1.8.0_202\jre\lib\ext\dnsns.jar;C:\Program Files\Java\jdk1.8.0_202\jre\lib\ext\jaccess.jar;C:\Program Files\Java\jdk1.8.0_202\jre\lib\ext\jfxrt.jar;C:\Program Files\Java\jdk1.8.0_202\jre\lib\ext\localedata.jar;C:\Program Files\Java\jdk1.8.0_202\jre\lib\ext\nashorn.jar;C:\Program Files\Java\jdk1.8.0_202\jre\lib\ext\sunec.jar;C:\Program Files\Java\jdk1.8.0_202\jre\lib\ext\sunjce_provider.jar;C:\Program Files\Java\jdk1.8.0_202\jre\lib\ext\sunmscapi.jar;C:\Program Files\Java\jdk1.8.0_202\jre\lib\ext\sunpkcs11.jar;C:\Program Files\Java\jdk1.8.0_202\jre\lib\ext\zipfs.jar;C:\Program Files\Java\jdk1.8.0_202\jre\lib\javaws.jar;C:\Program Files\Java\jdk1.8.0_202\jre\lib\jce.jar;C:\Program Files\Java\jdk1.8.0_202\jre\lib\jfr.jar;C:\Program Files\Java\jdk1.8.0_202\jre\lib\jfxswt.jar;C:\Program Files\Java\jdk1.8.0_202\jre\lib\jsse.jar;C:\Program Files\Java\jdk1.8.0_202\jre\lib\management-agent.jar;C:\Program Files\Java\jdk1.8.0_202\jre\lib\plugin.jar;C:\Program Files\Java\jdk1.8.0_202\jre\lib\resources.jar;C:\Program Files\Java\jdk1.8.0_202\jre\lib\rt.jar;D:\Virtusa\kafkaProject\Gas-Station\GasStationConsumer\target\classes;C:\Users\bhagy\.m2\repository\org\springframework\boot\spring-boot-starter-data-jpa\2.7.3\spring-boot-starter-data-jpa-2.7.3.jar;C:\Users\bhagy\.m2\repository\org\springframework\boot\spring-boot-starter-aop\2.7.3\spring-boot-starter-aop-2.7.3.jar;C:\Users\bhagy\.m2\repository\org\springframework\spring-aop\5.3.22\spring-aop-5.3.22.jar;C:\Users\bhagy\.m2\repository\org\aspectj\aspectjweaver\1.9.7\aspectjweaver-1.9.7.jar;C:\Users\bhagy\.m2\repository\org\springframework\boot\spring-boot-starter-jdbc\2.7.3\spring-boot-starter-jdbc-2.7.3.jar;C:\Users\bhagy\.m2\repository\com\
Launcher Type: SUN_STANDARD

Environment Variables:
CLASSPATH=C:\Program Files\Java\jdk1.8.0_202\lib
PATH=C:\Python310\Scripts\;C:\Python310\;C:\Program Files (x86)\Common Files\Oracle\Java\javapath;C:\Program Files\Microsoft MPI\Bin\;C:\Windows\system32;C:\Windows;C:\Windows\System32\Wbem;C:\Windows\System32\WindowsPowerShell\v1.0\;C:\Windows\System32\OpenSSH\;C:\Program Files\dotnet\;C:\Program Files\Microsoft SQL Server\Client SDK\ODBC\170\Tools\Binn\;C:\Program Files (x86)\Microsoft SQL Server\150\Tools\Binn\;C:\Program Files\Microsoft SQL Server\150\Tools\Binn\;C:\Program Files\Microsoft SQL Server\150\DTS\Binn\;C:\Program Files (x86)\Microsoft SQL Server\150\DTS\Binn\;C:\Program Files\Azure Data Studio\bin;C:\Program Files\Microsoft SQL Server\130\Tools\Binn\;C:\Program Files (x86)\dotnet\;C:\Program Files\nodejs\;C:\ProgramData\chocolatey\bin;C:\Program Files\Docker\Docker\resources\bin;C:\ProgramData\DockerDesktop\version-bin;C:\Program Files\apache-maven-3.8.6\bin;C:\Program Files\MySQL\MySQL Shell 8.0\bin\;C:\Program Files\Java\jdk1.8.0_202\bin;C:\Users\bhagy\AppData\Roaming\npm;C:\Users\bhagy\AppData\Local\Programs\Microsoft VS Code\bin;C:\Program Files\JetBrains\IntelliJ IDEA Community Edition 2022.2\bin;
USERNAME=bhagy
OS=Windows_NT
PROCESSOR_IDENTIFIER=Intel64 Family 6 Model 142 Stepping 10, GenuineIntel



---------------  S Y S T E M  ---------------

OS: Windows 10.0 , 64 bit Build 19041 (10.0.19041.1889)

CPU:total 8 (initial active 8) (4 cores per cpu, 2 threads per core) family 6 model 142 stepping 10, cmov, cx8, fxsr, mmx, sse, sse2, sse3, ssse3, sse4.1, sse4.2, popcnt, avx, avx2, aes, clmul, erms, 3dnowpref, lzcnt, ht, tsc, tscinvbit, bmi1, bmi2, adx

Memory: 4k page, physical 8297572k(546548k free), swap 20880484k(5136k free)

vm_info: Java HotSpot(TM) 64-Bit Server VM (25.202-b08) for windows-amd64 JRE (1.8.0_202-b08), built on Dec 15 2018 19:54:30 by "java_re" with MS VC++ 10.0 (VS2010)

time: Mon Sep 05 21:40:33 2022
timezone: Sri Lanka Standard Time
elapsed time: 2 seconds (0d 0h 0m 2s)

