#
# There is insufficient memory for the Java Runtime Environment to continue.
# Native memory allocation (malloc) failed to allocate 32744 bytes for ChunkPool::allocate
# Possible reasons:
#   The system is out of physical RAM or swap space
#   The process is running with CompressedOops enabled, and the Java Heap may be blocking the growth of the native heap
# Possible solutions:
#   Reduce memory load on the system
#   Increase physical memory or swap space
#   Check if swap backing store is full
#   Decrease Java heap size (-Xmx/-Xms)
#   Decrease number of Java threads
#   Decrease Java thread stack sizes (-Xss)
#   Set larger code cache with -XX:ReservedCodeCacheSize=
#   JVM is running with Unscaled Compressed Oops mode in which the Java heap is
#     placed in the first 4GB address space. The Java Heap base address is the
#     maximum limit for the native heap growth. Please use -XX:HeapBaseMinAddress
#     to set the Java Heap base and to place the Java Heap above 4GB virtual address.
# This output file may be truncated or incomplete.
#
#  Out of Memory Error (allocation.cpp:272), pid=7984, tid=0x0000000000001ac8
#
# JRE version: Java(TM) SE Runtime Environment (8.0_202-b08) (build 1.8.0_202-b08)
# Java VM: Java HotSpot(TM) 64-Bit Server VM (25.202-b08 mixed mode windows-amd64 compressed oops)
# Failed to write core dump. Minidumps are not enabled by default on client versions of Windows
#

---------------  T H R E A D  ---------------

Current thread (0x0000000019b72800):  JavaThread "C2 CompilerThread2" daemon [_thread_in_native, id=6856, stack(0x000000001abb0000,0x000000001acb0000)]

Stack: [0x000000001abb0000,0x000000001acb0000]
[error occurred during error reporting (printing stack bounds), id 0xc0000005]

Native frames: (J=compiled Java code, j=interpreted, Vv=VM code, C=native code)


Current CompileTask:
C2:   7676 3856   !   4       java.net.URLClassLoader::definePackageInternal (81 bytes)


---------------  P R O C E S S  ---------------

Java Threads: ( => current thread )
  0x0000000019b78800 JavaThread "HikariPool-1 connection adder" daemon [_thread_blocked, id=22180, stack(0x00000000238e0000,0x00000000239e0000)]
  0x0000000019b78000 JavaThread "HikariPool-1 housekeeper" daemon [_thread_blocked, id=12344, stack(0x00000000237e0000,0x00000000238e0000)]
  0x000000001fab6800 JavaThread "mysql-cj-abandoned-connection-cleanup" daemon [_thread_blocked, id=28048, stack(0x0000000021db0000,0x0000000021eb0000)]
  0x00000000215d7000 JavaThread "container-0" [_thread_blocked, id=28608, stack(0x0000000021cb0000,0x0000000021db0000)]
  0x00000000202ad800 JavaThread "Catalina-utility-2" [_thread_blocked, id=19080, stack(0x0000000021bb0000,0x0000000021cb0000)]
  0x000000001d74b000 JavaThread "Catalina-utility-1" [_thread_blocked, id=28264, stack(0x000000001c800000,0x000000001c900000)]
  0x0000000019b15000 JavaThread "Service Thread" daemon [_thread_blocked, id=9388, stack(0x000000001adb0000,0x000000001aeb0000)]
  0x0000000019b74000 JavaThread "C1 CompilerThread3" daemon [_thread_blocked, id=14424, stack(0x000000001acb0000,0x000000001adb0000)]
=>0x0000000019b72800 JavaThread "C2 CompilerThread2" daemon [_thread_in_native, id=6856, stack(0x000000001abb0000,0x000000001acb0000)]
  0x0000000019b77000 JavaThread "C2 CompilerThread1" daemon [_thread_in_native, id=8600, stack(0x000000001aab0000,0x000000001abb0000)]
  0x0000000019b72000 JavaThread "C2 CompilerThread0" daemon [_thread_in_native, id=18644, stack(0x000000001a9b0000,0x000000001aab0000)]
  0x0000000019b23800 JavaThread "Monitor Ctrl-Break" daemon [_thread_in_native, id=1516, stack(0x000000001a8b0000,0x000000001a9b0000)]
  0x00000000197e8000 JavaThread "Attach Listener" daemon [_thread_blocked, id=27820, stack(0x0000000019fb0000,0x000000001a0b0000)]
  0x00000000197e7000 JavaThread "Signal Dispatcher" daemon [_thread_blocked, id=10156, stack(0x0000000019eb0000,0x0000000019fb0000)]
  0x00000000197d0800 JavaThread "Finalizer" daemon [_thread_blocked, id=6616, stack(0x0000000019cb0000,0x0000000019db0000)]
  0x00000000029fe000 JavaThread "Reference Handler" daemon [_thread_blocked, id=10440, stack(0x0000000019bb0000,0x0000000019cb0000)]
  0x0000000002906800 JavaThread "main" [_thread_in_vm, id=15624, stack(0x0000000002640000,0x0000000002740000)]

Other Threads:
  0x00000000179aa000 VMThread [stack: 0x00000000196b0000,0x00000000197b0000] [id=3300]
  0x000000001a269000 WatcherThread [stack: 0x000000001aeb0000,0x000000001afb0000] [id=15908]

VM state:not at safepoint (normal execution)

VM Mutex/Monitor currently owned by a thread: None

heap address: 0x0000000081600000, size: 2026 MB, Compressed Oops mode: 32-bit
Narrow klass base: 0x0000000000000000, Narrow klass shift: 3
Compressed class space size: 1073741824 Address: 0x0000000100000000

Heap:
 PSYoungGen      total 179712K, used 131998K [0x00000000d5d00000, 0x00000000e4080000, 0x0000000100000000)
  eden space 169472K, 77% used [0x00000000d5d00000,0x00000000ddde7bc0,0x00000000e0280000)
  from space 10240K, 0% used [0x00000000e0c80000,0x00000000e0c80000,0x00000000e1680000)
  to   space 10240K, 0% used [0x00000000e0280000,0x00000000e0280000,0x00000000e0c80000)
 ParOldGen       total 80896K, used 12069K [0x0000000081600000, 0x0000000086500000, 0x00000000d5d00000)
  object space 80896K, 14% used [0x0000000081600000,0x00000000821c9718,0x0000000086500000)
 Metaspace       used 47834K, capacity 50338K, committed 50520K, reserved 1093632K
  class space    used 6448K, capacity 6896K, committed 7000K, reserved 1048576K

Card table byte_map: [0x0000000011dc0000,0x00000000121c0000] byte_map_base: 0x00000000119b5000

Marking Bits: (ParMarkBitMap*) 0x000000006dd75ce0
 Begin Bits: [0x0000000012c70000, 0x0000000014c18000)
 End Bits:   [0x0000000014c18000, 0x0000000016bc0000)

Polling page: 0x0000000000da0000

CodeCache: size=245760Kb used=13106Kb max_used=13106Kb free=232653Kb
 bounds [0x0000000002a00000, 0x00000000036e0000, 0x0000000011a00000]
 total_blobs=4257 nmethods=3743 adapters=426
 compilation: enabled

Compilation events (10 events):
Event: 7.666 Thread 0x0000000019b74000 3994       3       net.bytebuddy.description.type.TypeList$Generic$AbstractBase::asErasures (61 bytes)
Event: 7.667 Thread 0x0000000019b74000 nmethod 3994 0x00000000036d37d0 code [0x00000000036d3a40, 0x00000000036d4b88]
Event: 7.667 Thread 0x0000000019b74000 3995       3       net.bytebuddy.jar.asm.SymbolTable::addConstantUtf8 (98 bytes)
Event: 7.668 Thread 0x0000000019b74000 nmethod 3995 0x00000000036d5410 code [0x00000000036d5600, 0x00000000036d5dd8]
Event: 7.668 Thread 0x0000000019b74000 3992       1       net.bytebuddy.implementation.bytecode.collection.ArrayFactory::access$000 (5 bytes)
Event: 7.668 Thread 0x0000000019b74000 nmethod 3992 0x00000000036d6210 code [0x00000000036d6360, 0x00000000036d6450]
Event: 7.668 Thread 0x0000000019b74000 3993       3       net.bytebuddy.jar.asm.Type::getDescriptor (18 bytes)
Event: 7.668 Thread 0x0000000019b74000 nmethod 3993 0x00000000036d64d0 code [0x00000000036d6660, 0x00000000036d6b58]
Event: 7.668 Thread 0x0000000019b74000 3996       1       net.bytebuddy.jar.asm.SymbolTable::getMajorVersion (5 bytes)
Event: 7.668 Thread 0x0000000019b74000 nmethod 3996 0x00000000036d6d90 code [0x00000000036d6ee0, 0x00000000036d6ff0]

GC Heap History (10 events):
Event: 1.936 GC heap before
{Heap before GC invocations=6 (full 1):
 PSYoungGen      total 71680K, used 5088K [0x00000000d5d00000, 0x00000000df000000, 0x0000000100000000)
  eden space 66560K, 0% used [0x00000000d5d00000,0x00000000d5d00000,0x00000000d9e00000)
  from space 5120K, 99% used [0x00000000d9e00000,0x00000000da2f8258,0x00000000da300000)
  to   space 8704K, 0% used [0x00000000de780000,0x00000000de780000,0x00000000df000000)
 ParOldGen       total 87552K, used 5819K [0x0000000081600000, 0x0000000086b80000, 0x00000000d5d00000)
  object space 87552K, 6% used [0x0000000081600000,0x0000000081baec30,0x0000000086b80000)
 Metaspace       used 20246K, capacity 21128K, committed 21248K, reserved 1067008K
  class space    used 2528K, capacity 2748K, committed 2816K, reserved 1048576K
Event: 1.966 GC heap after
Heap after GC invocations=6 (full 1):
 PSYoungGen      total 71680K, used 0K [0x00000000d5d00000, 0x00000000df000000, 0x0000000100000000)
  eden space 66560K, 0% used [0x00000000d5d00000,0x00000000d5d00000,0x00000000d9e00000)
  from space 5120K, 0% used [0x00000000d9e00000,0x00000000d9e00000,0x00000000da300000)
  to   space 8704K, 0% used [0x00000000de780000,0x00000000de780000,0x00000000df000000)
 ParOldGen       total 54784K, used 6435K [0x0000000081600000, 0x0000000084b80000, 0x00000000d5d00000)
  object space 54784K, 11% used [0x0000000081600000,0x0000000081c48e50,0x0000000084b80000)
 Metaspace       used 20246K, capacity 21128K, committed 21248K, reserved 1067008K
  class space    used 2528K, capacity 2748K, committed 2816K, reserved 1048576K
}
Event: 2.714 GC heap before
{Heap before GC invocations=7 (full 1):
 PSYoungGen      total 71680K, used 66560K [0x00000000d5d00000, 0x00000000df000000, 0x0000000100000000)
  eden space 66560K, 100% used [0x00000000d5d00000,0x00000000d9e00000,0x00000000d9e00000)
  from space 5120K, 0% used [0x00000000d9e00000,0x00000000d9e00000,0x00000000da300000)
  to   space 8704K, 0% used [0x00000000de780000,0x00000000de780000,0x00000000df000000)
 ParOldGen       total 54784K, used 6435K [0x0000000081600000, 0x0000000084b80000, 0x00000000d5d00000)
  object space 54784K, 11% used [0x0000000081600000,0x0000000081c48e50,0x0000000084b80000)
 Metaspace       used 24613K, capacity 25856K, committed 25984K, reserved 1071104K
  class space    used 3126K, capacity 3372K, committed 3456K, reserved 1048576K
Event: 2.726 GC heap after
Heap after GC invocations=7 (full 1):
 PSYoungGen      total 115200K, used 7065K [0x00000000d5d00000, 0x00000000dee80000, 0x0000000100000000)
  eden space 108032K, 0% used [0x00000000d5d00000,0x00000000d5d00000,0x00000000dc680000)
  from space 7168K, 98% used [0x00000000de780000,0x00000000dee66588,0x00000000dee80000)
  to   space 8704K, 0% used [0x00000000ddd80000,0x00000000ddd80000,0x00000000de600000)
 ParOldGen       total 54784K, used 6443K [0x0000000081600000, 0x0000000084b80000, 0x00000000d5d00000)
  object space 54784K, 11% used [0x0000000081600000,0x0000000081c4ae50,0x0000000084b80000)
 Metaspace       used 24613K, capacity 25856K, committed 25984K, reserved 1071104K
  class space    used 3126K, capacity 3372K, committed 3456K, reserved 1048576K
}
Event: 4.720 GC heap before
{Heap before GC invocations=8 (full 1):
 PSYoungGen      total 115200K, used 115097K [0x00000000d5d00000, 0x00000000dee80000, 0x0000000100000000)
  eden space 108032K, 100% used [0x00000000d5d00000,0x00000000dc680000,0x00000000dc680000)
  from space 7168K, 98% used [0x00000000de780000,0x00000000dee66588,0x00000000dee80000)
  to   space 8704K, 0% used [0x00000000ddd80000,0x00000000ddd80000,0x00000000de600000)
 ParOldGen       total 54784K, used 6443K [0x0000000081600000, 0x0000000084b80000, 0x00000000d5d00000)
  object space 54784K, 11% used [0x0000000081600000,0x0000000081c4ae50,0x0000000084b80000)
 Metaspace       used 31341K, capacity 33430K, committed 33664K, reserved 1079296K
  class space    used 4047K, capacity 4419K, committed 4480K, reserved 1048576K
Event: 4.732 GC heap after
Heap after GC invocations=8 (full 1):
 PSYoungGen      total 140288K, used 8700K [0x00000000d5d00000, 0x00000000e1680000, 0x0000000100000000)
  eden space 131584K, 0% used [0x00000000d5d00000,0x00000000d5d00000,0x00000000ddd80000)
  from space 8704K, 99% used [0x00000000ddd80000,0x00000000de5ff0d8,0x00000000de600000)
  to   space 10240K, 0% used [0x00000000e0c80000,0x00000000e0c80000,0x00000000e1680000)
 ParOldGen       total 54784K, used 7808K [0x0000000081600000, 0x0000000084b80000, 0x00000000d5d00000)
  object space 54784K, 14% used [0x0000000081600000,0x0000000081da0210,0x0000000084b80000)
 Metaspace       used 31341K, capacity 33430K, committed 33664K, reserved 1079296K
  class space    used 4047K, capacity 4419K, committed 4480K, reserved 1048576K
}
Event: 4.966 GC heap before
{Heap before GC invocations=9 (full 1):
 PSYoungGen      total 140288K, used 23187K [0x00000000d5d00000, 0x00000000e1680000, 0x0000000100000000)
  eden space 131584K, 11% used [0x00000000d5d00000,0x00000000d6b25dc0,0x00000000ddd80000)
  from space 8704K, 99% used [0x00000000ddd80000,0x00000000de5ff0d8,0x00000000de600000)
  to   space 10240K, 0% used [0x00000000e0c80000,0x00000000e0c80000,0x00000000e1680000)
 ParOldGen       total 54784K, used 7808K [0x0000000081600000, 0x0000000084b80000, 0x00000000d5d00000)
  object space 54784K, 14% used [0x0000000081600000,0x0000000081da0210,0x0000000084b80000)
 Metaspace       used 33196K, capacity 35324K, committed 35416K, reserved 1079296K
  class space    used 4278K, capacity 4658K, committed 4696K, reserved 1048576K
Event: 4.976 GC heap after
Heap after GC invocations=9 (full 1):
 PSYoungGen      total 179712K, used 7645K [0x00000000d5d00000, 0x00000000e4080000, 0x0000000100000000)
  eden space 169472K, 0% used [0x00000000d5d00000,0x00000000d5d00000,0x00000000e0280000)
  from space 10240K, 74% used [0x00000000e0c80000,0x00000000e13f7558,0x00000000e1680000)
  to   space 10240K, 0% used [0x00000000e0280000,0x00000000e0280000,0x00000000e0c80000)
 ParOldGen       total 54784K, used 7816K [0x0000000081600000, 0x0000000084b80000, 0x00000000d5d00000)
  object space 54784K, 14% used [0x0000000081600000,0x0000000081da2210,0x0000000084b80000)
 Metaspace       used 33196K, capacity 35324K, committed 35416K, reserved 1079296K
  class space    used 4278K, capacity 4658K, committed 4696K, reserved 1048576K
}
Event: 4.976 GC heap before
{Heap before GC invocations=10 (full 2):
 PSYoungGen      total 179712K, used 7645K [0x00000000d5d00000, 0x00000000e4080000, 0x0000000100000000)
  eden space 169472K, 0% used [0x00000000d5d00000,0x00000000d5d00000,0x00000000e0280000)
  from space 10240K, 74% used [0x00000000e0c80000,0x00000000e13f7558,0x00000000e1680000)
  to   space 10240K, 0% used [0x00000000e0280000,0x00000000e0280000,0x00000000e0c80000)
 ParOldGen       total 54784K, used 7816K [0x0000000081600000, 0x0000000084b80000, 0x00000000d5d00000)
  object space 54784K, 14% used [0x0000000081600000,0x0000000081da2210,0x0000000084b80000)
 Metaspace       used 33196K, capacity 35324K, committed 35416K, reserved 1079296K
  class space    used 4278K, capacity 4658K, committed 4696K, reserved 1048576K
Event: 5.044 GC heap after
Heap after GC invocations=10 (full 2):
 PSYoungGen      total 179712K, used 0K [0x00000000d5d00000, 0x00000000e4080000, 0x0000000100000000)
  eden space 169472K, 0% used [0x00000000d5d00000,0x00000000d5d00000,0x00000000e0280000)
  from space 10240K, 0% used [0x00000000e0c80000,0x00000000e0c80000,0x00000000e1680000)
  to   space 10240K, 0% used [0x00000000e0280000,0x00000000e0280000,0x00000000e0c80000)
 ParOldGen       total 80896K, used 12069K [0x0000000081600000, 0x0000000086500000, 0x00000000d5d00000)
  object space 80896K, 14% used [0x0000000081600000,0x00000000821c9718,0x0000000086500000)
 Metaspace       used 33196K, capacity 35324K, committed 35416K, reserved 1079296K
  class space    used 4278K, capacity 4658K, committed 4696K, reserved 1048576K
}

Deoptimization events (10 events):
Event: 6.367 Thread 0x0000000002906800 Uncommon trap: reason=class_check action=maybe_recompile pc=0x00000000034dc554 method=java.util.jar.JarFile.getJarEntry(Ljava/lang/String;)Ljava/util/jar/JarEntry; @ 2
Event: 6.367 Thread 0x0000000002906800 Uncommon trap: reason=class_check action=maybe_recompile pc=0x00000000034dc554 method=java.util.jar.JarFile.getJarEntry(Ljava/lang/String;)Ljava/util/jar/JarEntry; @ 2
Event: 6.873 Thread 0x0000000019b78800 Uncommon trap: reason=predicate action=maybe_recompile pc=0x000000000367fe24 method=java.util.regex.Pattern$SliceI.match(Ljava/util/regex/Matcher;ILjava/lang/CharSequence;)Z @ 21
Event: 7.187 Thread 0x0000000002906800 Uncommon trap: reason=null_check action=make_not_entrant pc=0x0000000003501908 method=java.lang.Class.createAnnotationData(I)Ljava/lang/Class$AnnotationData; @ 14
Event: 7.226 Thread 0x0000000002906800 Uncommon trap: reason=unstable_if action=reinterpret pc=0x000000000316044c method=org.springframework.beans.factory.support.AbstractAutowireCapableBeanFactory.determineTargetType(Ljava/lang/String;Lorg/springframework/beans/factory/support/RootBeanDefinit
Event: 7.352 Thread 0x0000000002906800 Uncommon trap: reason=unstable_if action=reinterpret pc=0x00000000033d09cc method=java.lang.Class$MethodArray.addIfNotPresent(Ljava/lang/reflect/Method;)V @ 19
Event: 7.352 Thread 0x0000000002906800 Uncommon trap: reason=unstable_if action=reinterpret pc=0x00000000033c2340 method=java.lang.Class$MethodArray.addIfNotPresent(Ljava/lang/reflect/Method;)V @ 19
Event: 7.380 Thread 0x0000000002906800 Uncommon trap: reason=class_check action=maybe_recompile pc=0x0000000002c61180 method=java.lang.Throwable.<init>(Ljava/lang/String;Ljava/lang/Throwable;)V @ 24
Event: 7.381 Thread 0x0000000002906800 Uncommon trap: reason=class_check action=maybe_recompile pc=0x0000000002c61180 method=java.lang.Throwable.<init>(Ljava/lang/String;Ljava/lang/Throwable;)V @ 24
Event: 7.571 Thread 0x0000000002906800 Uncommon trap: reason=unstable_if action=reinterpret pc=0x00000000033d3a74 method=java.util.HashMap$HashIterator.<init>(Ljava/util/HashMap;)V @ 45

Classes redefined (0 events):
No events

Internal exceptions (10 events):
Event: 2.930 Thread 0x0000000002906800 Exception <a 'java/lang/ClassNotFoundException': org/springframework/context/annotation/ImportAwareCustomizer> (0x00000000d6615870) thrown at [C:\re\workspace\8-2-build-windows-amd64-cygwin\jdk8u202\12323\hotspot\src\share\vm\classfile\systemDictionary.cp
Event: 2.931 Thread 0x0000000002906800 Exception <a 'java/lang/ClassNotFoundException': org/springframework/beans/factory/AwareCustomizer> (0x00000000d6629988) thrown at [C:\re\workspace\8-2-build-windows-amd64-cygwin\jdk8u202\12323\hotspot\src\share\vm\classfile\systemDictionary.cpp, line 210
Event: 3.052 Thread 0x0000000002906800 Exception <a 'java/lang/NoSuchMethodError': java.lang.Object.lambda$map$1(Ljava/util/function/Function;)Ljava/util/stream/Stream;> (0x00000000d6b1e678) thrown at [C:\re\workspace\8-2-build-windows-amd64-cygwin\jdk8u202\12323\hotspot\src\share\vm\interpret
Event: 3.333 Thread 0x0000000002906800 Exception <a 'java/lang/IncompatibleClassChangeError': Found class java.lang.Object, but interface was expected> (0x00000000d736b5e0) thrown at [C:\re\workspace\8-2-build-windows-amd64-cygwin\jdk8u202\12323\hotspot\src\share\vm\interpreter\linkResolver.cp
Event: 4.516 Thread 0x0000000002906800 Exception <a 'java/io/FileNotFoundException'> (0x00000000db521a10) thrown at [C:\re\workspace\8-2-build-windows-amd64-cygwin\jdk8u202\12323\hotspot\src\share\vm\prims\jni.cpp, line 710]
Event: 4.607 Thread 0x0000000002906800 Exception <a 'java/io/FileNotFoundException'> (0x00000000dba63da8) thrown at [C:\re\workspace\8-2-build-windows-amd64-cygwin\jdk8u202\12323\hotspot\src\share\vm\prims\jni.cpp, line 710]
Event: 4.647 Thread 0x0000000002906800 Implicit null exception at 0x0000000002d40c96 to 0x0000000002d41031
Event: 4.831 Thread 0x0000000002906800 Implicit null exception at 0x000000000318a30f to 0x000000000318a485
Event: 5.110 Thread 0x0000000002906800 Exception <a 'java/lang/ClassNotFoundException': java/lang/Module> (0x00000000d623b2b8) thrown at [C:\re\workspace\8-2-build-windows-amd64-cygwin\jdk8u202\12323\hotspot\src\share\vm\classfile\systemDictionary.cpp, line 210]
Event: 7.629 Thread 0x0000000002906800 Exception <a 'java/lang/ClassNotFoundException': java/lang/Module> (0x00000000dda30550) thrown at [C:\re\workspace\8-2-build-windows-amd64-cygwin\jdk8u202\12323\hotspot\src\share\vm\classfile\systemDictionary.cpp, line 210]

Events (10 events):
Event: 7.668 loading class org/hibernate/sql/Update
Event: 7.668 loading class org/hibernate/sql/Update done
Event: 7.669 loading class org/hibernate/sql/Delete
Event: 7.669 loading class org/hibernate/sql/Delete done
Event: 7.671 loading class org/hibernate/sql/Select
Event: 7.671 loading class org/hibernate/sql/Select done
Event: 7.672 loading class org/hibernate/persister/entity/AbstractEntityPersister$InclusionChecker
Event: 7.672 loading class org/hibernate/persister/entity/AbstractEntityPersister$InclusionChecker done
Event: 7.672 loading class org/hibernate/persister/entity/AbstractEntityPersister$InclusionChecker
Event: 7.672 loading class org/hibernate/persister/entity/AbstractEntityPersister$InclusionChecker done


Dynamic libraries:
0x00007ff636920000 - 0x00007ff636957000 	C:\Program Files\Java\jdk1.8.0_202\bin\java.exe
0x00007ff9ef3d0000 - 0x00007ff9ef5c8000 	C:\Windows\SYSTEM32\ntdll.dll
0x00007ff9ee4b0000 - 0x00007ff9ee56d000 	C:\Windows\System32\KERNEL32.DLL
0x00007ff9ecf20000 - 0x00007ff9ed1ee000 	C:\Windows\System32\KERNELBASE.dll
0x00007ff9ee660000 - 0x00007ff9ee70e000 	C:\Windows\System32\ADVAPI32.dll
0x00007ff9ed700000 - 0x00007ff9ed79e000 	C:\Windows\System32\msvcrt.dll
0x00007ff9ed630000 - 0x00007ff9ed6cc000 	C:\Windows\System32\sechost.dll
0x00007ff9ed500000 - 0x00007ff9ed625000 	C:\Windows\System32\RPCRT4.dll
0x00007ff9eea40000 - 0x00007ff9eebe0000 	C:\Windows\System32\USER32.dll
0x00007ff9ed300000 - 0x00007ff9ed322000 	C:\Windows\System32\win32u.dll
0x00007ff9ed6d0000 - 0x00007ff9ed6fa000 	C:\Windows\System32\GDI32.dll
0x00007ff9ed1f0000 - 0x00007ff9ed2fb000 	C:\Windows\System32\gdi32full.dll
0x00007ff9ecd20000 - 0x00007ff9ecdbd000 	C:\Windows\System32\msvcp_win.dll
0x00007ff9ed330000 - 0x00007ff9ed430000 	C:\Windows\System32\ucrtbase.dll
0x00007ff9cda00000 - 0x00007ff9cdc9a000 	C:\Windows\WinSxS\amd64_microsoft.windows.common-controls_6595b64144ccf1df_6.0.19041.1110_none_60b5254171f9507e\COMCTL32.dll
0x00007ff9eda10000 - 0x00007ff9eda40000 	C:\Windows\System32\IMM32.DLL
0x000000006df70000 - 0x000000006e042000 	C:\Program Files\Java\jdk1.8.0_202\jre\bin\msvcr100.dll
0x000000006d550000 - 0x000000006ddf5000 	C:\Program Files\Java\jdk1.8.0_202\jre\bin\server\jvm.dll
0x00007ff9ee370000 - 0x00007ff9ee378000 	C:\Windows\System32\PSAPI.DLL
0x00007ff9c9b50000 - 0x00007ff9c9b59000 	C:\Windows\SYSTEM32\WSOCK32.dll
0x00007ff9e6240000 - 0x00007ff9e624a000 	C:\Windows\SYSTEM32\VERSION.dll
0x00007ff9d9680000 - 0x00007ff9d96a7000 	C:\Windows\SYSTEM32\WINMM.dll
0x00007ff9ee570000 - 0x00007ff9ee5db000 	C:\Windows\System32\WS2_32.dll
0x00007ff9bc500000 - 0x00007ff9bc50f000 	C:\Program Files\Java\jdk1.8.0_202\jre\bin\verify.dll
0x00007ff9b9990000 - 0x00007ff9b99b9000 	C:\Program Files\Java\jdk1.8.0_202\jre\bin\java.dll
0x00007ff9e3540000 - 0x00007ff9e3563000 	C:\Program Files\Java\jdk1.8.0_202\jre\bin\instrument.dll
0x00007ff9b9fe0000 - 0x00007ff9b9ff6000 	C:\Program Files\Java\jdk1.8.0_202\jre\bin\zip.dll
0x00007ff9eec40000 - 0x00007ff9ef384000 	C:\Windows\System32\SHELL32.dll
0x00007ff9eab90000 - 0x00007ff9eb324000 	C:\Windows\SYSTEM32\windows.storage.dll
0x00007ff9edf20000 - 0x00007ff9ee274000 	C:\Windows\System32\combase.dll
0x00007ff9ec480000 - 0x00007ff9ec4b0000 	C:\Windows\SYSTEM32\Wldp.dll
0x00007ff9ed830000 - 0x00007ff9ed8dd000 	C:\Windows\System32\SHCORE.dll
0x00007ff9edeb0000 - 0x00007ff9edf05000 	C:\Windows\System32\shlwapi.dll
0x00007ff9eca30000 - 0x00007ff9eca4f000 	C:\Windows\SYSTEM32\profapi.dll
0x00007ff9e6f60000 - 0x00007ff9e6f7a000 	C:\Program Files\JetBrains\IntelliJ IDEA Community Edition 2022.2\bin\breakgen64.dll
0x00007ff9b9910000 - 0x00007ff9b992a000 	C:\Program Files\Java\jdk1.8.0_202\jre\bin\net.dll
0x00007ff9dabb0000 - 0x00007ff9dad9c000 	C:\Windows\SYSTEM32\urlmon.dll
0x00007ff9ebfa0000 - 0x00007ff9ebfac000 	C:\Windows\SYSTEM32\netutils.dll
0x00007ff9da8f0000 - 0x00007ff9daba1000 	C:\Windows\SYSTEM32\iertutil.dll
0x00007ff9df1d0000 - 0x00007ff9df1f8000 	C:\Windows\SYSTEM32\srvcli.dll
0x00007ff9ec180000 - 0x00007ff9ec1ea000 	C:\Windows\system32\mswsock.dll
0x00007ff9e6bb0000 - 0x00007ff9e6bbd000 	C:\Program Files\Java\jdk1.8.0_202\jre\bin\management.dll
0x00007ff9c69f0000 - 0x00007ff9c6a07000 	C:\Windows\system32\napinsp.dll
0x00007ff9c69d0000 - 0x00007ff9c69eb000 	C:\Windows\system32\pnrpnsp.dll
0x00007ff9e7010000 - 0x00007ff9e7025000 	C:\Windows\system32\wshbth.dll
0x00007ff9e8250000 - 0x00007ff9e826d000 	C:\Windows\system32\NLAapi.dll
0x00007ff9ebe90000 - 0x00007ff9ebecb000 	C:\Windows\SYSTEM32\IPHLPAPI.DLL
0x00007ff9ebed0000 - 0x00007ff9ebf9a000 	C:\Windows\SYSTEM32\DNSAPI.dll
0x00007ff9ee360000 - 0x00007ff9ee368000 	C:\Windows\System32\NSI.dll
0x00007ff9c67b0000 - 0x00007ff9c67c2000 	C:\Windows\System32\winrnr.dll
0x00007ff9e5150000 - 0x00007ff9e515a000 	C:\Windows\System32\rasadhlp.dll
0x00007ff9e2dd0000 - 0x00007ff9e2e50000 	C:\Windows\System32\fwpuclnt.dll
0x00007ff9ecc40000 - 0x00007ff9ecc67000 	C:\Windows\System32\bcrypt.dll
0x00007ff9b98b0000 - 0x00007ff9b98c2000 	C:\Program Files\Java\jdk1.8.0_202\jre\bin\nio.dll
0x00007ff9ec3f0000 - 0x00007ff9ec408000 	C:\Windows\SYSTEM32\CRYPTSP.dll
0x00007ff9ebb20000 - 0x00007ff9ebb54000 	C:\Windows\system32\rsaenh.dll
0x00007ff9ec9f0000 - 0x00007ff9eca1e000 	C:\Windows\SYSTEM32\USERENV.dll
0x00007ff9ecbb0000 - 0x00007ff9ecc32000 	C:\Windows\System32\bcryptprimitives.dll
0x00007ff9ec310000 - 0x00007ff9ec31c000 	C:\Windows\SYSTEM32\CRYPTBASE.dll
0x00007ff9e49a0000 - 0x00007ff9e49b7000 	C:\Windows\SYSTEM32\dhcpcsvc6.DLL
0x00007ff9e5550000 - 0x00007ff9e556d000 	C:\Windows\SYSTEM32\dhcpcsvc.DLL
0x00007ff9be4e0000 - 0x00007ff9be504000 	C:\Program Files\Java\jdk1.8.0_202\jre\bin\sunec.dll
0x00007ff9e6b20000 - 0x00007ff9e6b2b000 	C:\Program Files\Java\jdk1.8.0_202\jre\bin\sunmscapi.dll
0x00007ff9ecdc0000 - 0x00007ff9ecf16000 	C:\Windows\System32\CRYPT32.dll

VM Arguments:
jvm_args: -javaagent:C:\Program Files\JetBrains\IntelliJ IDEA Community Edition 2022.2\lib\idea_rt.jar=59184:C:\Program Files\JetBrains\IntelliJ IDEA Community Edition 2022.2\bin -Dfile.encoding=UTF-8 
java_command: com.assignment.GasStationConsumer.GasStationConsumerApplication
java_class_path (initial): C:\Program Files\Java\jdk1.8.0_202\jre\lib\charsets.jar;C:\Program Files\Java\jdk1.8.0_202\jre\lib\deploy.jar;C:\Program Files\Java\jdk1.8.0_202\jre\lib\ext\access-bridge-64.jar;C:\Program Files\Java\jdk1.8.0_202\jre\lib\ext\cldrdata.jar;C:\Program Files\Java\jdk1.8.0_202\jre\lib\ext\dnsns.jar;C:\Program Files\Java\jdk1.8.0_202\jre\lib\ext\jaccess.jar;C:\Program Files\Java\jdk1.8.0_202\jre\lib\ext\jfxrt.jar;C:\Program Files\Java\jdk1.8.0_202\jre\lib\ext\localedata.jar;C:\Program Files\Java\jdk1.8.0_202\jre\lib\ext\nashorn.jar;C:\Program Files\Java\jdk1.8.0_202\jre\lib\ext\sunec.jar;C:\Program Files\Java\jdk1.8.0_202\jre\lib\ext\sunjce_provider.jar;C:\Program Files\Java\jdk1.8.0_202\jre\lib\ext\sunmscapi.jar;C:\Program Files\Java\jdk1.8.0_202\jre\lib\ext\sunpkcs11.jar;C:\Program Files\Java\jdk1.8.0_202\jre\lib\ext\zipfs.jar;C:\Program Files\Java\jdk1.8.0_202\jre\lib\javaws.jar;C:\Program Files\Java\jdk1.8.0_202\jre\lib\jce.jar;C:\Program Files\Java\jdk1.8.0_202\jre\lib\jfr.jar;C:\Program Files\Java\jdk1.8.0_202\jre\lib\jfxswt.jar;C:\Program Files\Java\jdk1.8.0_202\jre\lib\jsse.jar;C:\Program Files\Java\jdk1.8.0_202\jre\lib\management-agent.jar;C:\Program Files\Java\jdk1.8.0_202\jre\lib\plugin.jar;C:\Program Files\Java\jdk1.8.0_202\jre\lib\resources.jar;C:\Program Files\Java\jdk1.8.0_202\jre\lib\rt.jar;D:\Virtusa\kafkaProject\Gas-Station\GasStationConsumer\target\classes;C:\Users\bhagy\.m2\repository\org\springframework\boot\spring-boot-starter-data-jpa\2.7.3\spring-boot-starter-data-jpa-2.7.3.jar;C:\Users\bhagy\.m2\repository\org\springframework\boot\spring-boot-starter-aop\2.7.3\spring-boot-starter-aop-2.7.3.jar;C:\Users\bhagy\.m2\repository\org\springframework\spring-aop\5.3.22\spring-aop-5.3.22.jar;C:\Users\bhagy\.m2\repository\org\aspectj\aspectjweaver\1.9.7\aspectjweaver-1.9.7.jar;C:\Users\bhagy\.m2\repository\org\springframework\boot\spring-boot-starter-jdbc\2.7.3\spring-boot-starter-jdbc-2.7.3.jar;C:\Users\bhagy\.m2\repository\com\
Launcher Type: SUN_STANDARD

Environment Variables:
CLASSPATH=C:\Program Files\Java\jdk1.8.0_202\lib
PATH=C:\Python310\Scripts\;C:\Python310\;C:\Program Files (x86)\Common Files\Oracle\Java\javapath;C:\Program Files\Microsoft MPI\Bin\;C:\Windows\system32;C:\Windows;C:\Windows\System32\Wbem;C:\Windows\System32\WindowsPowerShell\v1.0\;C:\Windows\System32\OpenSSH\;C:\Program Files\dotnet\;C:\Program Files\Microsoft SQL Server\Client SDK\ODBC\170\Tools\Binn\;C:\Program Files (x86)\Microsoft SQL Server\150\Tools\Binn\;C:\Program Files\Microsoft SQL Server\150\Tools\Binn\;C:\Program Files\Microsoft SQL Server\150\DTS\Binn\;C:\Program Files (x86)\Microsoft SQL Server\150\DTS\Binn\;C:\Program Files\Azure Data Studio\bin;C:\Program Files\Microsoft SQL Server\130\Tools\Binn\;C:\Program Files (x86)\dotnet\;C:\Program Files\nodejs\;C:\ProgramData\chocolatey\bin;C:\Program Files\Docker\Docker\resources\bin;C:\ProgramData\DockerDesktop\version-bin;C:\Program Files\apache-maven-3.8.6\bin;C:\Program Files\MySQL\MySQL Shell 8.0\bin\;C:\Program Files\Java\jdk1.8.0_202\bin;C:\Users\bhagy\AppData\Roaming\npm;C:\Users\bhagy\AppData\Local\Programs\Microsoft VS Code\bin;C:\Program Files\JetBrains\IntelliJ IDEA Community Edition 2022.2\bin;
USERNAME=bhagy
OS=Windows_NT
PROCESSOR_IDENTIFIER=Intel64 Family 6 Model 142 Stepping 10, GenuineIntel



---------------  S Y S T E M  ---------------

OS: Windows 10.0 , 64 bit Build 19041 (10.0.19041.1889)

CPU:total 8 (initial active 8) (4 cores per cpu, 2 threads per core) family 6 model 142 stepping 10, cmov, cx8, fxsr, mmx, sse, sse2, sse3, ssse3, sse4.1, sse4.2, popcnt, avx, avx2, aes, clmul, erms, 3dnowpref, lzcnt, ht, tsc, tscinvbit, bmi1, bmi2, adx

Memory: 4k page, physical 8297572k(484084k free), swap 20880484k(5612k free)

vm_info: Java HotSpot(TM) 64-Bit Server VM (25.202-b08) for windows-amd64 JRE (1.8.0_202-b08), built on Dec 15 2018 19:54:30 by "java_re" with MS VC++ 10.0 (VS2010)

time: Mon Sep 05 21:22:18 2022
timezone: Sri Lanka Standard Time
elapsed time: 7 seconds (0d 0h 0m 7s)

