#
# There is insufficient memory for the Java Runtime Environment to continue.
# Native memory allocation (malloc) failed to allocate 262880 bytes for Chunk::new
# Possible reasons:
#   The system is out of physical RAM or swap space
#   The process is running with CompressedOops enabled, and the Java Heap may be blocking the growth of the native heap
# Possible solutions:
#   Reduce memory load on the system
#   Increase physical memory or swap space
#   Check if swap backing store is full
#   Decrease Java heap size (-Xmx/-Xms)
#   Decrease number of Java threads
#   Decrease Java thread stack sizes (-Xss)
#   Set larger code cache with -XX:ReservedCodeCacheSize=
#   JVM is running with Unscaled Compressed Oops mode in which the Java heap is
#     placed in the first 4GB address space. The Java Heap base address is the
#     maximum limit for the native heap growth. Please use -XX:HeapBaseMinAddress
#     to set the Java Heap base and to place the Java Heap above 4GB virtual address.
# This output file may be truncated or incomplete.
#
#  Out of Memory Error (allocation.cpp:389), pid=13408, tid=0x0000000000002d84
#
# JRE version: Java(TM) SE Runtime Environment (8.0_202-b08) (build 1.8.0_202-b08)
# Java VM: Java HotSpot(TM) 64-Bit Server VM (25.202-b08 mixed mode windows-amd64 compressed oops)
# Failed to write core dump. Minidumps are not enabled by default on client versions of Windows
#

---------------  T H R E A D  ---------------

Current thread (0x000000001984d000):  JavaThread "C2 CompilerThread2" daemon [_thread_in_native, id=11652, stack(0x000000001a880000,0x000000001a980000)]

Stack: [0x000000001a880000,0x000000001a980000]
[error occurred during error reporting (printing stack bounds), id 0xc0000005]

Native frames: (J=compiled Java code, j=interpreted, Vv=VM code, C=native code)


Current CompileTask:
C2:   1573 1090       4       org.springframework.boot.context.properties.source.ConfigurationPropertyName$ElementsParser::parse (234 bytes)


---------------  P R O C E S S  ---------------

Java Threads: ( => current thread )
  0x000000001987e800 JavaThread "Service Thread" daemon [_thread_blocked, id=22584, stack(0x000000001aa80000,0x000000001ab80000)]
  0x0000000019841800 JavaThread "C1 CompilerThread3" daemon [_thread_blocked, id=2360, stack(0x000000001a980000,0x000000001aa80000)]
=>0x000000001984d000 JavaThread "C2 CompilerThread2" daemon [_thread_in_native, id=11652, stack(0x000000001a880000,0x000000001a980000)]
  0x00000000197a3800 JavaThread "C2 CompilerThread1" daemon [_thread_blocked, id=9324, stack(0x000000001a780000,0x000000001a880000)]
  0x000000001983f800 JavaThread "C2 CompilerThread0" daemon [_thread_blocked, id=28784, stack(0x000000001a680000,0x000000001a780000)]
  0x0000000019820000 JavaThread "Monitor Ctrl-Break" daemon [_thread_in_native, id=25700, stack(0x000000001a580000,0x000000001a680000)]
  0x00000000194b6000 JavaThread "Attach Listener" daemon [_thread_blocked, id=18296, stack(0x0000000019c80000,0x0000000019d80000)]
  0x00000000194b5000 JavaThread "Signal Dispatcher" daemon [_thread_blocked, id=12044, stack(0x0000000019b80000,0x0000000019c80000)]
  0x00000000194a1000 JavaThread "Finalizer" daemon [_thread_blocked, id=14544, stack(0x0000000019980000,0x0000000019a80000)]
  0x00000000194a0800 JavaThread "Reference Handler" daemon [_thread_blocked, id=19056, stack(0x0000000019880000,0x0000000019980000)]
  0x00000000025f6800 JavaThread "main" [_thread_in_native, id=10264, stack(0x00000000023f0000,0x00000000024f0000)]

Other Threads:
  0x0000000017699800 VMThread [stack: 0x0000000019380000,0x0000000019480000] [id=9628]
  0x0000000019f23000 WatcherThread [stack: 0x000000001ab80000,0x000000001ac80000] [id=25740]

VM state:not at safepoint (normal execution)

VM Mutex/Monitor currently owned by a thread: None

heap address: 0x0000000081600000, size: 2026 MB, Compressed Oops mode: 32-bit
Narrow klass base: 0x0000000000000000, Narrow klass shift: 3
Compressed class space size: 1073741824 Address: 0x0000000100000000

Heap:
 PSYoungGen      total 38400K, used 27186K [0x00000000d5d00000, 0x00000000d8780000, 0x0000000100000000)
  eden space 33280K, 69% used [0x00000000d5d00000,0x00000000d7385ca8,0x00000000d7d80000)
  from space 5120K, 80% used [0x00000000d7d80000,0x00000000d8186eb0,0x00000000d8280000)
  to   space 5120K, 0% used [0x00000000d8280000,0x00000000d8280000,0x00000000d8780000)
 ParOldGen       total 87552K, used 8K [0x0000000081600000, 0x0000000086b80000, 0x00000000d5d00000)
  object space 87552K, 0% used [0x0000000081600000,0x0000000081602000,0x0000000086b80000)
 Metaspace       used 11760K, capacity 12340K, committed 12672K, reserved 1060864K
  class space    used 1438K, capacity 1584K, committed 1664K, reserved 1048576K

Card table byte_map: [0x0000000011ab0000,0x0000000011eb0000] byte_map_base: 0x00000000116a5000

Marking Bits: (ParMarkBitMap*) 0x000000006dd75ce0
 Begin Bits: [0x0000000012960000, 0x0000000014908000)
 End Bits:   [0x0000000014908000, 0x00000000168b0000)

Polling page: 0x00000000022c0000

CodeCache: size=245760Kb used=4023Kb max_used=4023Kb free=241736Kb
 bounds [0x00000000026f0000, 0x0000000002af0000, 0x00000000116f0000]
 total_blobs=1471 nmethods=1146 adapters=237
 compilation: enabled

Compilation events (10 events):
Event: 1.546 Thread 0x000000001983f800 1141       4       java.util.Hashtable$Enumerator::nextElement (111 bytes)
Event: 1.546 Thread 0x00000000197a3800 nmethod 1136 0x0000000002adc090 code [0x0000000002adc1c0, 0x0000000002adc338]
Event: 1.546 Thread 0x00000000197a3800 1142       4       java.util.Hashtable$Enumerator::next (27 bytes)
Event: 1.548 Thread 0x000000001983f800 nmethod 1141 0x0000000002adc410 code [0x0000000002adc540, 0x0000000002adc5f8]
Event: 1.549 Thread 0x00000000197a3800 nmethod 1142 0x0000000002adc6d0 code [0x0000000002adc820, 0x0000000002adc918]
Event: 1.554 Thread 0x000000001983f800 1143       4       java.lang.CharacterDataLatin1::toUpperCase (53 bytes)
Event: 1.556 Thread 0x000000001983f800 nmethod 1143 0x0000000002adca50 code [0x0000000002adcb80, 0x0000000002adcc58]
Event: 1.558 Thread 0x0000000019841800 1144       3       ch.qos.logback.core.subst.Tokenizer::handleLiteralState (121 bytes)
Event: 1.562 Thread 0x0000000019841800 nmethod 1144 0x0000000002adcd10 code [0x0000000002add0c0, 0x0000000002adf418]
Event: 1.568 Thread 0x0000000019841800 1146       3       java.lang.ProcessEnvironment$NameComparator::compare (90 bytes)

GC Heap History (2 events):
Event: 1.027 GC heap before
{Heap before GC invocations=1 (full 0):
 PSYoungGen      total 38400K, used 33280K [0x00000000d5d00000, 0x00000000d8780000, 0x0000000100000000)
  eden space 33280K, 100% used [0x00000000d5d00000,0x00000000d7d80000,0x00000000d7d80000)
  from space 5120K, 0% used [0x00000000d8280000,0x00000000d8280000,0x00000000d8780000)
  to   space 5120K, 0% used [0x00000000d7d80000,0x00000000d7d80000,0x00000000d8280000)
 ParOldGen       total 87552K, used 0K [0x0000000081600000, 0x0000000086b80000, 0x00000000d5d00000)
  object space 87552K, 0% used [0x0000000081600000,0x0000000081600000,0x0000000086b80000)
 Metaspace       used 8576K, capacity 8794K, committed 8832K, reserved 1056768K
  class space    used 1018K, capacity 1121K, committed 1152K, reserved 1048576K
Event: 1.033 GC heap after
Heap after GC invocations=1 (full 0):
 PSYoungGen      total 38400K, used 4123K [0x00000000d5d00000, 0x00000000d8780000, 0x0000000100000000)
  eden space 33280K, 0% used [0x00000000d5d00000,0x00000000d5d00000,0x00000000d7d80000)
  from space 5120K, 80% used [0x00000000d7d80000,0x00000000d8186eb0,0x00000000d8280000)
  to   space 5120K, 0% used [0x00000000d8280000,0x00000000d8280000,0x00000000d8780000)
 ParOldGen       total 87552K, used 8K [0x0000000081600000, 0x0000000086b80000, 0x00000000d5d00000)
  object space 87552K, 0% used [0x0000000081600000,0x0000000081602000,0x0000000086b80000)
 Metaspace       used 8576K, capacity 8794K, committed 8832K, reserved 1056768K
  class space    used 1018K, capacity 1121K, committed 1152K, reserved 1048576K
}

Deoptimization events (6 events):
Event: 0.558 Thread 0x00000000025f6800 Uncommon trap: reason=unstable_if action=reinterpret pc=0x0000000002880ecc method=sun.misc.MetaIndex.mayContain(Ljava/lang/String;)Z @ 13
Event: 0.723 Thread 0x00000000025f6800 Uncommon trap: reason=unstable_if action=reinterpret pc=0x00000000028a4b84 method=java.util.zip.ZipCoder.encoder()Ljava/nio/charset/CharsetEncoder; @ 4
Event: 0.731 Thread 0x00000000025f6800 Uncommon trap: reason=unstable_if action=reinterpret pc=0x00000000028a2674 method=java.util.zip.ZipCoder.encoder()Ljava/nio/charset/CharsetEncoder; @ 4
Event: 0.937 Thread 0x00000000025f6800 Uncommon trap: reason=unstable_if action=reinterpret pc=0x000000000288bab8 method=java.lang.String.indexOf([CII[CIII)I @ 3
Event: 0.987 Thread 0x00000000025f6800 Uncommon trap: reason=range_check action=make_not_entrant pc=0x00000000029963a0 method=sun.reflect.generics.parser.SignatureParser.current()C @ 34
Event: 1.364 Thread 0x00000000025f6800 Uncommon trap: reason=unstable_if action=reinterpret pc=0x0000000002982108 method=java.util.HashMap.getNode(ILjava/lang/Object;)Ljava/util/HashMap$Node; @ 129

Classes redefined (0 events):
No events

Internal exceptions (10 events):
Event: 1.009 Thread 0x00000000025f6800 Exception <a 'java/lang/ArrayIndexOutOfBoundsException'> (0x00000000d7bc7ad0) thrown at [C:\re\workspace\8-2-build-windows-amd64-cygwin\jdk8u202\12323\hotspot\src\share\vm\runtime\sharedRuntime.cpp, line 605]
Event: 1.010 Thread 0x00000000025f6800 Exception <a 'java/lang/ArrayIndexOutOfBoundsException'> (0x00000000d7bd7888) thrown at [C:\re\workspace\8-2-build-windows-amd64-cygwin\jdk8u202\12323\hotspot\src\share\vm\runtime\sharedRuntime.cpp, line 605]
Event: 1.011 Thread 0x00000000025f6800 Exception <a 'java/lang/ArrayIndexOutOfBoundsException'> (0x00000000d7be60d8) thrown at [C:\re\workspace\8-2-build-windows-amd64-cygwin\jdk8u202\12323\hotspot\src\share\vm\runtime\sharedRuntime.cpp, line 605]
Event: 1.143 Thread 0x00000000025f6800 Exception <a 'java/lang/NoSuchMethodError': java.lang.Object.lambda$comparingInt$7b0bb60$1(Ljava/util/function/ToIntFunction;Ljava/lang/Object;Ljava/lang/Object;)I> (0x00000000d641a530) thrown at [C:\re\workspace\8-2-build-windows-amd64-cygwin\jdk8u202\12
Event: 1.148 Thread 0x00000000025f6800 Exception <a 'java/lang/IncompatibleClassChangeError': Found class java.lang.Object, but interface was expected> (0x00000000d6449cb0) thrown at [C:\re\workspace\8-2-build-windows-amd64-cygwin\jdk8u202\12323\hotspot\src\share\vm\interpreter\linkResolver.cp
Event: 1.186 Thread 0x00000000025f6800 Exception <a 'java/lang/NoSuchMethodError': java.lang.Object.lambda$or$2(Ljava/util/function/BiPredicate;Ljava/lang/Object;Ljava/lang/Object;)Z> (0x00000000d66674a0) thrown at [C:\re\workspace\8-2-build-windows-amd64-cygwin\jdk8u202\12323\hotspot\src\shar
Event: 1.190 Thread 0x00000000025f6800 Exception <a 'java/lang/NoSuchMethodError': java.lang.Object.lambda$chars$0()Ljava/util/Spliterator$OfInt;> (0x00000000d667ba58) thrown at [C:\re\workspace\8-2-build-windows-amd64-cygwin\jdk8u202\12323\hotspot\src\share\vm\interpreter\linkResolver.cpp, li
Event: 1.244 Thread 0x00000000025f6800 Exception <a 'java/lang/NoSuchMethodError': java.lang.Object.lambda$comparing$77a9974f$1(Ljava/util/function/Function;Ljava/lang/Object;Ljava/lang/Object;)I> (0x00000000d6a26458) thrown at [C:\re\workspace\8-2-build-windows-amd64-cygwin\jdk8u202\12323\hot
Event: 1.286 Thread 0x00000000025f6800 Exception <a 'java/lang/NoSuchMethodError': java.lang.Object.lambda$from$1(Ljava/util/function/Supplier;Lorg/springframework/boot/BootstrapContext;)Ljava/lang/Object;> (0x00000000d6cd77c0) thrown at [C:\re\workspace\8-2-build-windows-amd64-cygwin\jdk8u202
Event: 1.383 Thread 0x00000000025f6800 Exception <a 'java/lang/NoSuchMethodError': java.lang.Object.lambda$and$0(Ljava/util/function/Predicate;Ljava/lang/Object;)Z> (0x00000000d6fafd10) thrown at [C:\re\workspace\8-2-build-windows-amd64-cygwin\jdk8u202\12323\hotspot\src\share\vm\interpreter\li

Events (10 events):
Event: 1.562 loading class ch/qos/logback/core/subst/Node
Event: 1.562 loading class ch/qos/logback/core/subst/Node done
Event: 1.563 loading class ch/qos/logback/core/subst/Node$Type
Event: 1.563 loading class ch/qos/logback/core/subst/Node$Type done
Event: 1.564 loading class ch/qos/logback/core/CoreConstants
Event: 1.564 loading class ch/qos/logback/core/CoreConstants done
Event: 1.566 loading class ch/qos/logback/core/subst/NodeToStringTransformer$1
Event: 1.566 loading class ch/qos/logback/core/subst/NodeToStringTransformer$1 done
Event: 1.566 loading class java/util/Vector$Itr
Event: 1.567 loading class java/util/Vector$Itr done


Dynamic libraries:
0x00007ff636920000 - 0x00007ff636957000 	C:\Program Files\Java\jdk1.8.0_202\bin\java.exe
0x00007ff9ef3d0000 - 0x00007ff9ef5c8000 	C:\Windows\SYSTEM32\ntdll.dll
0x00007ff9ee4b0000 - 0x00007ff9ee56d000 	C:\Windows\System32\KERNEL32.DLL
0x00007ff9ecf20000 - 0x00007ff9ed1ee000 	C:\Windows\System32\KERNELBASE.dll
0x00007ff9ee660000 - 0x00007ff9ee70e000 	C:\Windows\System32\ADVAPI32.dll
0x00007ff9ed700000 - 0x00007ff9ed79e000 	C:\Windows\System32\msvcrt.dll
0x00007ff9ed630000 - 0x00007ff9ed6cc000 	C:\Windows\System32\sechost.dll
0x00007ff9ed500000 - 0x00007ff9ed625000 	C:\Windows\System32\RPCRT4.dll
0x00007ff9eea40000 - 0x00007ff9eebe0000 	C:\Windows\System32\USER32.dll
0x00007ff9ed300000 - 0x00007ff9ed322000 	C:\Windows\System32\win32u.dll
0x00007ff9ed6d0000 - 0x00007ff9ed6fa000 	C:\Windows\System32\GDI32.dll
0x00007ff9ed1f0000 - 0x00007ff9ed2fb000 	C:\Windows\System32\gdi32full.dll
0x00007ff9ecd20000 - 0x00007ff9ecdbd000 	C:\Windows\System32\msvcp_win.dll
0x00007ff9ed330000 - 0x00007ff9ed430000 	C:\Windows\System32\ucrtbase.dll
0x00007ff9cda00000 - 0x00007ff9cdc9a000 	C:\Windows\WinSxS\amd64_microsoft.windows.common-controls_6595b64144ccf1df_6.0.19041.1110_none_60b5254171f9507e\COMCTL32.dll
0x00007ff9eda10000 - 0x00007ff9eda40000 	C:\Windows\System32\IMM32.DLL
0x000000006df70000 - 0x000000006e042000 	C:\Program Files\Java\jdk1.8.0_202\jre\bin\msvcr100.dll
0x000000006d550000 - 0x000000006ddf5000 	C:\Program Files\Java\jdk1.8.0_202\jre\bin\server\jvm.dll
0x00007ff9ee370000 - 0x00007ff9ee378000 	C:\Windows\System32\PSAPI.DLL
0x00007ff9c9b50000 - 0x00007ff9c9b59000 	C:\Windows\SYSTEM32\WSOCK32.dll
0x00007ff9d9680000 - 0x00007ff9d96a7000 	C:\Windows\SYSTEM32\WINMM.dll
0x00007ff9e6240000 - 0x00007ff9e624a000 	C:\Windows\SYSTEM32\VERSION.dll
0x00007ff9ee570000 - 0x00007ff9ee5db000 	C:\Windows\System32\WS2_32.dll
0x00007ff9bc500000 - 0x00007ff9bc50f000 	C:\Program Files\Java\jdk1.8.0_202\jre\bin\verify.dll
0x00007ff9b9990000 - 0x00007ff9b99b9000 	C:\Program Files\Java\jdk1.8.0_202\jre\bin\java.dll
0x00007ff9be4e0000 - 0x00007ff9be503000 	C:\Program Files\Java\jdk1.8.0_202\jre\bin\instrument.dll
0x00007ff9b9fe0000 - 0x00007ff9b9ff6000 	C:\Program Files\Java\jdk1.8.0_202\jre\bin\zip.dll
0x00007ff9eec40000 - 0x00007ff9ef384000 	C:\Windows\System32\SHELL32.dll
0x00007ff9eab90000 - 0x00007ff9eb324000 	C:\Windows\SYSTEM32\windows.storage.dll
0x00007ff9edf20000 - 0x00007ff9ee274000 	C:\Windows\System32\combase.dll
0x00007ff9ec480000 - 0x00007ff9ec4b0000 	C:\Windows\SYSTEM32\Wldp.dll
0x00007ff9ed830000 - 0x00007ff9ed8dd000 	C:\Windows\System32\SHCORE.dll
0x00007ff9edeb0000 - 0x00007ff9edf05000 	C:\Windows\System32\shlwapi.dll
0x00007ff9eca30000 - 0x00007ff9eca4f000 	C:\Windows\SYSTEM32\profapi.dll
0x00007ff9e36b0000 - 0x00007ff9e36ca000 	C:\Program Files\JetBrains\IntelliJ IDEA Community Edition 2022.2\bin\breakgen64.dll
0x00007ff9b9910000 - 0x00007ff9b992a000 	C:\Program Files\Java\jdk1.8.0_202\jre\bin\net.dll
0x00007ff9dabb0000 - 0x00007ff9dad9c000 	C:\Windows\SYSTEM32\urlmon.dll
0x00007ff9df1d0000 - 0x00007ff9df1f8000 	C:\Windows\SYSTEM32\srvcli.dll
0x00007ff9da8f0000 - 0x00007ff9daba1000 	C:\Windows\SYSTEM32\iertutil.dll
0x00007ff9ebfa0000 - 0x00007ff9ebfac000 	C:\Windows\SYSTEM32\netutils.dll
0x00007ff9ec180000 - 0x00007ff9ec1ea000 	C:\Windows\system32\mswsock.dll
0x00007ff9e6bb0000 - 0x00007ff9e6bbd000 	C:\Program Files\Java\jdk1.8.0_202\jre\bin\management.dll
0x00007ff9c69f0000 - 0x00007ff9c6a07000 	C:\Windows\system32\napinsp.dll
0x00007ff9c69d0000 - 0x00007ff9c69eb000 	C:\Windows\system32\pnrpnsp.dll
0x00007ff9e7010000 - 0x00007ff9e7025000 	C:\Windows\system32\wshbth.dll
0x00007ff9e8250000 - 0x00007ff9e826d000 	C:\Windows\system32\NLAapi.dll
0x00007ff9ebe90000 - 0x00007ff9ebecb000 	C:\Windows\SYSTEM32\IPHLPAPI.DLL
0x00007ff9ebed0000 - 0x00007ff9ebf9a000 	C:\Windows\SYSTEM32\DNSAPI.dll
0x00007ff9ee360000 - 0x00007ff9ee368000 	C:\Windows\System32\NSI.dll
0x00007ff9c67b0000 - 0x00007ff9c67c2000 	C:\Windows\System32\winrnr.dll
0x00007ff9e5150000 - 0x00007ff9e515a000 	C:\Windows\System32\rasadhlp.dll
0x00007ff9e2dd0000 - 0x00007ff9e2e50000 	C:\Windows\System32\fwpuclnt.dll
0x00007ff9ecc40000 - 0x00007ff9ecc67000 	C:\Windows\System32\bcrypt.dll

VM Arguments:
jvm_args: -javaagent:C:\Program Files\JetBrains\IntelliJ IDEA Community Edition 2022.2\lib\idea_rt.jar=59302:C:\Program Files\JetBrains\IntelliJ IDEA Community Edition 2022.2\bin -Dfile.encoding=UTF-8 
java_command: com.assignment.GasStationConsumer.GasStationConsumerApplication
java_class_path (initial): C:\Program Files\Java\jdk1.8.0_202\jre\lib\charsets.jar;C:\Program Files\Java\jdk1.8.0_202\jre\lib\deploy.jar;C:\Program Files\Java\jdk1.8.0_202\jre\lib\ext\access-bridge-64.jar;C:\Program Files\Java\jdk1.8.0_202\jre\lib\ext\cldrdata.jar;C:\Program Files\Java\jdk1.8.0_202\jre\lib\ext\dnsns.jar;C:\Program Files\Java\jdk1.8.0_202\jre\lib\ext\jaccess.jar;C:\Program Files\Java\jdk1.8.0_202\jre\lib\ext\jfxrt.jar;C:\Program Files\Java\jdk1.8.0_202\jre\lib\ext\localedata.jar;C:\Program Files\Java\jdk1.8.0_202\jre\lib\ext\nashorn.jar;C:\Program Files\Java\jdk1.8.0_202\jre\lib\ext\sunec.jar;C:\Program Files\Java\jdk1.8.0_202\jre\lib\ext\sunjce_provider.jar;C:\Program Files\Java\jdk1.8.0_202\jre\lib\ext\sunmscapi.jar;C:\Program Files\Java\jdk1.8.0_202\jre\lib\ext\sunpkcs11.jar;C:\Program Files\Java\jdk1.8.0_202\jre\lib\ext\zipfs.jar;C:\Program Files\Java\jdk1.8.0_202\jre\lib\javaws.jar;C:\Program Files\Java\jdk1.8.0_202\jre\lib\jce.jar;C:\Program Files\Java\jdk1.8.0_202\jre\lib\jfr.jar;C:\Program Files\Java\jdk1.8.0_202\jre\lib\jfxswt.jar;C:\Program Files\Java\jdk1.8.0_202\jre\lib\jsse.jar;C:\Program Files\Java\jdk1.8.0_202\jre\lib\management-agent.jar;C:\Program Files\Java\jdk1.8.0_202\jre\lib\plugin.jar;C:\Program Files\Java\jdk1.8.0_202\jre\lib\resources.jar;C:\Program Files\Java\jdk1.8.0_202\jre\lib\rt.jar;D:\Virtusa\kafkaProject\Gas-Station\GasStationConsumer\target\classes;C:\Users\bhagy\.m2\repository\org\springframework\boot\spring-boot-starter-data-jpa\2.7.3\spring-boot-starter-data-jpa-2.7.3.jar;C:\Users\bhagy\.m2\repository\org\springframework\boot\spring-boot-starter-aop\2.7.3\spring-boot-starter-aop-2.7.3.jar;C:\Users\bhagy\.m2\repository\org\springframework\spring-aop\5.3.22\spring-aop-5.3.22.jar;C:\Users\bhagy\.m2\repository\org\aspectj\aspectjweaver\1.9.7\aspectjweaver-1.9.7.jar;C:\Users\bhagy\.m2\repository\org\springframework\boot\spring-boot-starter-jdbc\2.7.3\spring-boot-starter-jdbc-2.7.3.jar;C:\Users\bhagy\.m2\repository\com\
Launcher Type: SUN_STANDARD

Environment Variables:
CLASSPATH=C:\Program Files\Java\jdk1.8.0_202\lib
PATH=C:\Python310\Scripts\;C:\Python310\;C:\Program Files (x86)\Common Files\Oracle\Java\javapath;C:\Program Files\Microsoft MPI\Bin\;C:\Windows\system32;C:\Windows;C:\Windows\System32\Wbem;C:\Windows\System32\WindowsPowerShell\v1.0\;C:\Windows\System32\OpenSSH\;C:\Program Files\dotnet\;C:\Program Files\Microsoft SQL Server\Client SDK\ODBC\170\Tools\Binn\;C:\Program Files (x86)\Microsoft SQL Server\150\Tools\Binn\;C:\Program Files\Microsoft SQL Server\150\Tools\Binn\;C:\Program Files\Microsoft SQL Server\150\DTS\Binn\;C:\Program Files (x86)\Microsoft SQL Server\150\DTS\Binn\;C:\Program Files\Azure Data Studio\bin;C:\Program Files\Microsoft SQL Server\130\Tools\Binn\;C:\Program Files (x86)\dotnet\;C:\Program Files\nodejs\;C:\ProgramData\chocolatey\bin;C:\Program Files\Docker\Docker\resources\bin;C:\ProgramData\DockerDesktop\version-bin;C:\Program Files\apache-maven-3.8.6\bin;C:\Program Files\MySQL\MySQL Shell 8.0\bin\;C:\Program Files\Java\jdk1.8.0_202\bin;C:\Users\bhagy\AppData\Roaming\npm;C:\Users\bhagy\AppData\Local\Programs\Microsoft VS Code\bin;C:\Program Files\JetBrains\IntelliJ IDEA Community Edition 2022.2\bin;
USERNAME=bhagy
OS=Windows_NT
PROCESSOR_IDENTIFIER=Intel64 Family 6 Model 142 Stepping 10, GenuineIntel



---------------  S Y S T E M  ---------------

OS: Windows 10.0 , 64 bit Build 19041 (10.0.19041.1889)

CPU:total 8 (initial active 8) (4 cores per cpu, 2 threads per core) family 6 model 142 stepping 10, cmov, cx8, fxsr, mmx, sse, sse2, sse3, ssse3, sse4.1, sse4.2, popcnt, avx, avx2, aes, clmul, erms, 3dnowpref, lzcnt, ht, tsc, tscinvbit, bmi1, bmi2, adx

Memory: 4k page, physical 8297572k(599452k free), swap 20880484k(4124k free)

vm_info: Java HotSpot(TM) 64-Bit Server VM (25.202-b08) for windows-amd64 JRE (1.8.0_202-b08), built on Dec 15 2018 19:54:30 by "java_re" with MS VC++ 10.0 (VS2010)

time: Mon Sep 05 21:28:37 2022
timezone: Sri Lanka Standard Time
elapsed time: 1 seconds (0d 0h 0m 1s)

